{"logTime": "1228/111804", "correlationVector":"wcOKKMFsyYPUL7wlqMk5Nk.229","action":"GetUpdates", "result":"DeleteReceived", "context":{"id":"4c5bad1c-4a00-4707-9b31-75d385d350b3", "isDeleted:":"true", "version":"1699515895707"}}
{"logTime": "1228/111804", "correlationVector":"wcOKKMFsyYPUL7wlqMk5Nk.230","action":"GetUpdates", "result":"DeleteReceived", "context":{"id":"e2227d27-c9ea-46b7-883e-d03a9b629f20", "isDeleted:":"true", "version":"1699515895710"}}
{"logTime": "1228/111804", "correlationVector":"wcOKKMFsyYPUL7wlqMk5Nk.231","action":"GetUpdates Response", "result":"SERVER_MORE_TO_DOWNLOAD", "context":Received 250 update(s).  Some updates remain.}
{"logTime": "1228/111804", "correlationVector":"bA2QTHuF7/TCoiwz61PxeU","action":"Initial GetUpdates", "result":"", "context":Reason: NEWLY_SUPPORTED_DATATYPE. cV=bA2QTHuF7/TCoiwz61PxeU}
{"logTime": "1228/111805", "correlationVector":"bA2QTHuF7/TCoiwz61PxeU.1","action":"SyncServerConnectionManagerRequest", "result":"SYNC_SERVER_OK", "context":{"environment":"Prod_SoutheastAsia_000j", "migrationStage":"NotStarted", "server":"GENERAL0300001V"}}
{"logTime": "1228/111805", "correlationVector":"bA2QTHuF7/TCoiwz61PxeU.2","action":"GetUpdates", "result":"DeleteReceived", "context":{"id":"0748b9b8-331e-4106-8162-41eb603a15ea", "isDeleted:":"true", "version":"1699516533815"}}
{"logTime": "1228/111805", "correlationVector":"bA2QTHuF7/TCoiwz61PxeU.3","action":"GetUpdates", "result":"DeleteReceived", "context":{"id":"85b21722-5172-4cd1-b10d-c7f74482cb12", "isDeleted:":"true", "version":"1699516533816"}}
{"logTime": "1228/111805", "correlationVector":"bA2QTHuF7/TCoiwz61PxeU.4","action":"GetUpdates", "result":"DeleteReceived", "context":{"id":"7c090716-db72-4d29-9e81-a5ba929cd1b7", "isDeleted:":"true", "version":"1699520168595"}}
{"logTime": "1228/111805", "correlationVector":"bA2QTHuF7/TCoiwz61PxeU.5","action":"GetUpdates", "result":"DeleteReceived", "context":{"id":"c8e5ba33-2127-4c3f-add9-b9b5e7a6cbc0", "isDeleted:":"true", "version":"1699520168596"}}
{"logTime": "1228/111805", "correlationVector":"bA2QTHuF7/TCoiwz61PxeU.6","action":"GetUpdates", "result":"DeleteReceived", "context":{"id":"26b0ab72-7cab-4d98-a411-f65c4fce01f4", "isDeleted:":"true", "version":"1699535655181"}}
{"logTime": "1228/111805", "correlationVector":"bA2QTHuF7/TCoiwz61PxeU.7","action":"GetUpdates", "result":"DeleteReceived", "context":{"id":"93e624de-b756-4781-b884-d1305a737531", "isDeleted:":"true", "version":"1699535655182"}}
{"logTime": "1228/111805", "correlationVector":"bA2QTHuF7/TCoiwz61PxeU.8","action":"GetUpdates", "result":"DeleteReceived", "context":{"id":"72f6d259-06ef-41dc-9b41-61675b9efc20", "isDeleted:":"true", "version":"1699535655183"}}
{"logTime": "1228/111805", "correlationVector":"bA2QTHuF7/TCoiwz61PxeU.9","action":"GetUpdates", "result":"DeleteReceived", "context":{"id":"84cbc3c0-ef71-4c83-a92f-2ddad002f8ec", "isDeleted:":"true", "version":"1699535655184"}}
{"logTime": "1228/111805", "correlationVector":"bA2QTHuF7/TCoiwz61PxeU.10","action":"GetUpdates", "result":"DeleteReceived", "context":{"id":"c064a467-3e94-4114-9d97-3b2f6faceba5", "isDeleted:":"true", "version":"1699535655185"}}
{"logTime": "1228/111805", "correlationVector":"bA2QTHuF7/TCoiwz61PxeU.11","action":"GetUpdates", "result":"DeleteReceived", "context":{"id":"8ce93d51-73de-4b67-b510-8cbaeecb5097", "isDeleted:":"true", "version":"1699590284857"}}
{"logTime": "1228/111805", "correlationVector":"bA2QTHuF7/TCoiwz61PxeU.12","action":"GetUpdates", "result":"DeleteReceived", "context":{"id":"f6ae506d-14e8-4ee7-83b1-7fe42bb2d6f6", "isDeleted:":"true", "version":"1699627023903"}}
{"logTime": "1228/111805", "correlationVector":"bA2QTHuF7/TCoiwz61PxeU.13","action":"GetUpdates", "result":"DeleteReceived", "context":{"id":"59831d76-9a6f-485f-bf74-2ed2e8b780ae", "isDeleted:":"true", "version":"1699627023904"}}
{"logTime": "1228/111805", "correlationVector":"bA2QTHuF7/TCoiwz61PxeU.14","action":"GetUpdates", "result":"DeleteReceived", "context":{"id":"f09d45e8-dbec-4ac5-8537-a4cf7ca26139", "isDeleted:":"true", "version":"1699943804610"}}
{"logTime": "1228/111805", "correlationVector":"bA2QTHuF7/TCoiwz61PxeU.15","action":"GetUpdates", "result":"DeleteReceived", "context":{"id":"02f03ad1-c750-46f2-9bf5-94ac1194841b", "isDeleted:":"true", "version":"1699943804611"}}
{"logTime": "1228/111805", "correlationVector":"bA2QTHuF7/TCoiwz61PxeU.16","action":"GetUpdates", "result":"DeleteReceived", "context":{"id":"1931ceb9-4878-4a8e-8b8c-c4014daefaac", "isDeleted:":"true", "version":"1699943804612"}}
{"logTime": "1228/111805", "correlationVector":"bA2QTHuF7/TCoiwz61PxeU.17","action":"GetUpdates", "result":"DeleteReceived", "context":{"id":"6d51ed48-b441-464e-aaa0-819c2bc8bccd", "isDeleted:":"true", "version":"1699943804613"}}
{"logTime": "1228/111805", "correlationVector":"bA2QTHuF7/TCoiwz61PxeU.18","action":"GetUpdates", "result":"DeleteReceived", "context":{"id":"285aae1a-0cfe-45fe-b9a2-a126c8e5e6bb", "isDeleted:":"true", "version":"1701091100235"}}
{"logTime": "1228/111805", "correlationVector":"bA2QTHuF7/TCoiwz61PxeU.19","action":"GetUpdates", "result":"DeleteReceived", "context":{"id":"fb20fd01-235f-473a-a248-73cfef3d83c8", "isDeleted:":"true", "version":"1702373919230"}}
{"logTime": "1228/111805", "correlationVector":"bA2QTHuF7/TCoiwz61PxeU.20","action":"GetUpdates", "result":"DeleteReceived", "context":{"id":"d2856cbc-e6cf-43b4-b3b6-c84d3cbeef8e", "isDeleted:":"true", "version":"1702373919231"}}
{"logTime": "1228/111805", "correlationVector":"bA2QTHuF7/TCoiwz61PxeU.21","action":"GetUpdates", "result":"DeleteReceived", "context":{"id":"a5022014-5dc8-4e14-b11a-b46155c9c5b6", "isDeleted:":"true", "version":"1702373919232"}}
{"logTime": "1228/111805", "correlationVector":"bA2QTHuF7/TCoiwz61PxeU.22","action":"GetUpdates", "result":"DeleteReceived", "context":{"id":"ecf44387-077a-40cc-aa45-188c13d284c1", "isDeleted:":"true", "version":"1702373919233"}}
{"logTime": "1228/111805", "correlationVector":"bA2QTHuF7/TCoiwz61PxeU.23","action":"GetUpdates", "result":"DeleteReceived", "context":{"id":"17f311bc-7055-4e6f-a63c-d872fe32b4c3", "isDeleted:":"true", "version":"1699515895711"}}
{"logTime": "1228/111805", "correlationVector":"bA2QTHuF7/TCoiwz61PxeU.24","action":"GetUpdates", "result":"DeleteReceived", "context":{"id":"edab41dd-8905-4d07-baf1-85832a1c227f", "isDeleted:":"true", "version":"1699515895713"}}
{"logTime": "1228/111805", "correlationVector":"bA2QTHuF7/TCoiwz61PxeU.25","action":"GetUpdates", "result":"DeleteReceived", "context":{"id":"3a80fbaa-5575-41be-ae0b-46797304eae8", "isDeleted:":"true", "version":"1699515895714"}}
{"logTime": "1228/111805", "correlationVector":"bA2QTHuF7/TCoiwz61PxeU.26","action":"GetUpdates", "result":"DeleteReceived", "context":{"id":"6a9b5de0-08b3-4cbc-8305-a96866ee87da", "isDeleted:":"true", "version":"1699515897016"}}
{"logTime": "1228/111805", "correlationVector":"bA2QTHuF7/TCoiwz61PxeU.27","action":"GetUpdates", "result":"DeleteReceived", "context":{"id":"19a69109-df5e-4c1c-a7b7-86233e95fe90", "isDeleted:":"true", "version":"1699515897018"}}
{"logTime": "1228/111805", "correlationVector":"bA2QTHuF7/TCoiwz61PxeU.28","action":"GetUpdates", "result":"DeleteReceived", "context":{"id":"2bf1c028-0b3f-4b57-bbfb-56f9f59c0e1b", "isDeleted:":"true", "version":"1699516533817"}}
{"logTime": "1228/111805", "correlationVector":"bA2QTHuF7/TCoiwz61PxeU.29","action":"GetUpdates", "result":"DeleteReceived", "context":{"id":"186e1040-e2d8-49a7-b70a-e8238419c2c1", "isDeleted:":"true", "version":"1699516533819"}}
{"logTime": "1228/111805", "correlationVector":"bA2QTHuF7/TCoiwz61PxeU.30","action":"GetUpdates", "result":"DeleteReceived", "context":{"id":"b326b866-27fc-4ab7-b813-2e4268e0d749", "isDeleted:":"true", "version":"1699516533822"}}
{"logTime": "1228/111805", "correlationVector":"bA2QTHuF7/TCoiwz61PxeU.31","action":"GetUpdates", "result":"DeleteReceived", "context":{"id":"6b0c8522-321d-48a4-85b3-124d12b18ed3", "isDeleted:":"true", "version":"1699516981403"}}
{"logTime": "1228/111805", "correlationVector":"bA2QTHuF7/TCoiwz61PxeU.32","action":"GetUpdates", "result":"DeleteReceived", "context":{"id":"30994f3a-f87e-4023-b6ad-88ea971bbf2c", "isDeleted:":"true", "version":"1699516981404"}}
{"logTime": "1228/111805", "correlationVector":"bA2QTHuF7/TCoiwz61PxeU.33","action":"GetUpdates", "result":"DeleteReceived", "context":{"id":"cd0fd354-6489-4116-a094-7941f31673a2", "isDeleted:":"true", "version":"1699516981405"}}
{"logTime": "1228/111805", "correlationVector":"bA2QTHuF7/TCoiwz61PxeU.34","action":"GetUpdates", "result":"DeleteReceived", "context":{"id":"0c8c5e9d-86d3-444f-bdfe-6bed438ce1b1", "isDeleted:":"true", "version":"1699516981407"}}
{"logTime": "1228/111805", "correlationVector":"bA2QTHuF7/TCoiwz61PxeU.35","action":"GetUpdates", "result":"DeleteReceived", "context":{"id":"a54a1bc1-9cda-48d3-9135-576a53e1e461", "isDeleted:":"true", "version":"1699516981408"}}
{"logTime": "1228/111805", "correlationVector":"bA2QTHuF7/TCoiwz61PxeU.36","action":"GetUpdates", "result":"DeleteReceived", "context":{"id":"ee047675-d726-41fa-8b1e-f48c6b44b280", "isDeleted:":"true", "version":"1699517233018"}}
{"logTime": "1228/111805", "correlationVector":"bA2QTHuF7/TCoiwz61PxeU.37","action":"GetUpdates", "result":"DeleteReceived", "context":{"id":"a231ca8c-e709-4b12-b52c-6e3bc6fd740b", "isDeleted:":"true", "version":"1699517233019"}}
{"logTime": "1228/111805", "correlationVector":"bA2QTHuF7/TCoiwz61PxeU.38","action":"GetUpdates", "result":"DeleteReceived", "context":{"id":"167d98ee-a519-47e1-ad21-2fdcbb438dac", "isDeleted:":"true", "version":"1699517806618"}}
{"logTime": "1228/111805", "correlationVector":"bA2QTHuF7/TCoiwz61PxeU.39","action":"GetUpdates", "result":"DeleteReceived", "context":{"id":"86ccc4e4-7bfc-4b82-ab2f-edeec2786193", "isDeleted:":"true", "version":"1699519354268"}}
{"logTime": "1228/111805", "correlationVector":"bA2QTHuF7/TCoiwz61PxeU.40","action":"GetUpdates", "result":"DeleteReceived", "context":{"id":"66fc28ed-a33f-44b0-bdcc-8ccb6498142f", "isDeleted:":"true", "version":"1699519836929"}}
{"logTime": "1228/111805", "correlationVector":"bA2QTHuF7/TCoiwz61PxeU.41","action":"GetUpdates", "result":"DeleteReceived", "context":{"id":"fe792639-702b-4f08-a048-a5db4ef209d6", "isDeleted:":"true", "version":"1699519836932"}}
{"logTime": "1228/111805", "correlationVector":"bA2QTHuF7/TCoiwz61PxeU.42","action":"GetUpdates", "result":"DeleteReceived", "context":{"id":"86535c24-9959-479e-8834-4eb8ecd4a6de", "isDeleted:":"true", "version":"1699520178693"}}
{"logTime": "1228/111805", "correlationVector":"bA2QTHuF7/TCoiwz61PxeU.43","action":"GetUpdates", "result":"DeleteReceived", "context":{"id":"ba3fd9e0-9423-4bf9-84bb-d5e41eaded61", "isDeleted:":"true", "version":"1699520178694"}}
{"logTime": "1228/111805", "correlationVector":"bA2QTHuF7/TCoiwz61PxeU.44","action":"GetUpdates", "result":"DeleteReceived", "context":{"id":"9c762b09-8c09-4c46-a8f3-79423d0b806a", "isDeleted:":"true", "version":"1699520178695"}}
{"logTime": "1228/111805", "correlationVector":"bA2QTHuF7/TCoiwz61PxeU.45","action":"GetUpdates", "result":"DeleteReceived", "context":{"id":"c0608391-3f36-4c7d-b3fd-e355c46a46cc", "isDeleted:":"true", "version":"1699520178696"}}
{"logTime": "1228/111805", "correlationVector":"bA2QTHuF7/TCoiwz61PxeU.46","action":"GetUpdates", "result":"DeleteReceived", "context":{"id":"f79ba482-908f-4558-a26f-d141f298bbb8", "isDeleted:":"true", "version":"1699520178697"}}
{"logTime": "1228/111805", "correlationVector":"bA2QTHuF7/TCoiwz61PxeU.47","action":"GetUpdates", "result":"DeleteReceived", "context":{"id":"6e5443b9-586f-4b78-9f8a-41709af8dd91", "isDeleted:":"true", "version":"1699520178698"}}
{"logTime": "1228/111805", "correlationVector":"bA2QTHuF7/TCoiwz61PxeU.48","action":"GetUpdates", "result":"DeleteReceived", "context":{"id":"c613cb0c-e11a-4b57-8769-5433b12e0720", "isDeleted:":"true", "version":"1699520178699"}}
{"logTime": "1228/111805", "correlationVector":"bA2QTHuF7/TCoiwz61PxeU.49","action":"GetUpdates", "result":"DeleteReceived", "context":{"id":"489c7639-2c4c-4c7c-8a53-a2cdebfdc091", "isDeleted:":"true", "version":"1699520178700"}}
{"logTime": "1228/111805", "correlationVector":"bA2QTHuF7/TCoiwz61PxeU.50","action":"GetUpdates", "result":"DeleteReceived", "context":{"id":"a7d91d1b-1d25-4b91-a6e1-13d67b1dc92b", "isDeleted:":"true", "version":"1699520178701"}}
{"logTime": "1228/111805", "correlationVector":"bA2QTHuF7/TCoiwz61PxeU.51","action":"GetUpdates", "result":"DeleteReceived", "context":{"id":"862df7e2-ed49-4985-a229-a999e9b045b7", "isDeleted:":"true", "version":"1699520178702"}}
{"logTime": "1228/111805", "correlationVector":"bA2QTHuF7/TCoiwz61PxeU.52","action":"GetUpdates", "result":"DeleteReceived", "context":{"id":"706d06f3-e770-4fa7-9d09-fab96be41565", "isDeleted:":"true", "version":"1699520178703"}}
{"logTime": "1228/111805", "correlationVector":"bA2QTHuF7/TCoiwz61PxeU.53","action":"GetUpdates", "result":"DeleteReceived", "context":{"id":"7738c11c-dc73-490c-995e-8f8b8055554f", "isDeleted:":"true", "version":"1699520178704"}}
{"logTime": "1228/111805", "correlationVector":"bA2QTHuF7/TCoiwz61PxeU.54","action":"GetUpdates", "result":"DeleteReceived", "context":{"id":"3b82b9c5-fcf1-4e45-a346-fc231b1b1bc5", "isDeleted:":"true", "version":"1699520178705"}}
{"logTime": "1228/111805", "correlationVector":"bA2QTHuF7/TCoiwz61PxeU.55","action":"GetUpdates", "result":"DeleteReceived", "context":{"id":"548dbf24-bb04-4070-a656-08387feec063", "isDeleted:":"true", "version":"1699520178706"}}
{"logTime": "1228/111805", "correlationVector":"bA2QTHuF7/TCoiwz61PxeU.56","action":"GetUpdates", "result":"DeleteReceived", "context":{"id":"14083988-b78f-48b1-9b95-736bb9cdee3c", "isDeleted:":"true", "version":"1699520178707"}}
{"logTime": "1228/111805", "correlationVector":"bA2QTHuF7/TCoiwz61PxeU.57","action":"GetUpdates", "result":"DeleteReceived", "context":{"id":"1b305e2c-b0a4-4a8e-83b3-c406e278002f", "isDeleted:":"true", "version":"1699520178708"}}
{"logTime": "1228/111805", "correlationVector":"bA2QTHuF7/TCoiwz61PxeU.58","action":"GetUpdates", "result":"DeleteReceived", "context":{"id":"6a07f1b0-48c4-4a83-aaf9-0612a941a716", "isDeleted:":"true", "version":"1699520382346"}}
{"logTime": "1228/111805", "correlationVector":"bA2QTHuF7/TCoiwz61PxeU.59","action":"GetUpdates", "result":"DeleteReceived", "context":{"id":"b3b3ed65-2c1b-4917-b634-0f48d54d1c93", "isDeleted:":"true", "version":"1699520382347"}}
{"logTime": "1228/111805", "correlationVector":"bA2QTHuF7/TCoiwz61PxeU.60","action":"GetUpdates", "result":"DeleteReceived", "context":{"id":"5456bcb3-c828-42cd-a634-d3c709dacbda", "isDeleted:":"true", "version":"1699520382348"}}
{"logTime": "1228/111805", "correlationVector":"bA2QTHuF7/TCoiwz61PxeU.61","action":"GetUpdates", "result":"DeleteReceived", "context":{"id":"a4750aed-de7b-4262-ace6-cff04175e084", "isDeleted:":"true", "version":"1699520382349"}}
{"logTime": "1228/111805", "correlationVector":"bA2QTHuF7/TCoiwz61PxeU.62","action":"GetUpdates", "result":"DeleteReceived", "context":{"id":"362327f7-93dc-4277-a9d0-a2d92d0ae25b", "isDeleted:":"true", "version":"1699520382350"}}
{"logTime": "1228/111805", "correlationVector":"bA2QTHuF7/TCoiwz61PxeU.63","action":"GetUpdates", "result":"DeleteReceived", "context":{"id":"4afa9342-40a2-4d6d-bf74-9e8c5cae18ed", "isDeleted:":"true", "version":"1699520382352"}}
{"logTime": "1228/111805", "correlationVector":"bA2QTHuF7/TCoiwz61PxeU.64","action":"GetUpdates", "result":"DeleteReceived", "context":{"id":"a290d66c-67c7-4095-81fb-bca0515a7dae", "isDeleted:":"true", "version":"1699520382353"}}
{"logTime": "1228/111805", "correlationVector":"bA2QTHuF7/TCoiwz61PxeU.65","action":"GetUpdates", "result":"DeleteReceived", "context":{"id":"fdae8e01-77d2-40b8-8b24-a59374139d40", "isDeleted:":"true", "version":"1699520382354"}}
{"logTime": "1228/111805", "correlationVector":"bA2QTHuF7/TCoiwz61PxeU.66","action":"GetUpdates", "result":"DeleteReceived", "context":{"id":"8cb7af05-efc6-46a3-87e2-c1b8db32b474", "isDeleted:":"true", "version":"1699520382355"}}
{"logTime": "1228/111805", "correlationVector":"bA2QTHuF7/TCoiwz61PxeU.67","action":"GetUpdates", "result":"DeleteReceived", "context":{"id":"a41d4e30-2cbb-4ecb-ab20-20e3c348ef4d", "isDeleted:":"true", "version":"1699520382356"}}
{"logTime": "1228/111805", "correlationVector":"bA2QTHuF7/TCoiwz61PxeU.68","action":"GetUpdates", "result":"DeleteReceived", "context":{"id":"10a5d1a0-f67e-499d-898a-41166be81faf", "isDeleted:":"true", "version":"1699520382357"}}
{"logTime": "1228/111805", "correlationVector":"bA2QTHuF7/TCoiwz61PxeU.69","action":"GetUpdates", "result":"DeleteReceived", "context":{"id":"a56ecab8-9df7-49bb-86bb-ba4dcb3e589f", "isDeleted:":"true", "version":"1699520382359"}}
{"logTime": "1228/111805", "correlationVector":"bA2QTHuF7/TCoiwz61PxeU.70","action":"GetUpdates", "result":"DeleteReceived", "context":{"id":"4876a53c-f61b-45b0-865f-4f6a8b273c36", "isDeleted:":"true", "version":"1699520382360"}}
{"logTime": "1228/111805", "correlationVector":"bA2QTHuF7/TCoiwz61PxeU.71","action":"GetUpdates", "result":"DeleteReceived", "context":{"id":"112aec37-68e3-480e-8d8e-2f495b1e05d3", "isDeleted:":"true", "version":"1699520382361"}}
{"logTime": "1228/111805", "correlationVector":"bA2QTHuF7/TCoiwz61PxeU.72","action":"GetUpdates", "result":"DeleteReceived", "context":{"id":"3e55cc16-0455-4bc2-96bf-2a678479adce", "isDeleted:":"true", "version":"1699520382363"}}
{"logTime": "1228/111805", "correlationVector":"bA2QTHuF7/TCoiwz61PxeU.73","action":"GetUpdates", "result":"DeleteReceived", "context":{"id":"a26dfe7f-79ac-4e4f-bc4a-82efe8f9fc22", "isDeleted:":"true", "version":"1699520383432"}}
{"logTime": "1228/111805", "correlationVector":"bA2QTHuF7/TCoiwz61PxeU.74","action":"GetUpdates", "result":"DeleteReceived", "context":{"id":"3e5ee161-dab6-4159-9134-1928d496bbb6", "isDeleted:":"true", "version":"1699520639154"}}
{"logTime": "1228/111805", "correlationVector":"bA2QTHuF7/TCoiwz61PxeU.75","action":"GetUpdates", "result":"DeleteReceived", "context":{"id":"6a57e964-c511-414e-b098-0253160df5e7", "isDeleted:":"true", "version":"1699520639155"}}
{"logTime": "1228/111805", "correlationVector":"bA2QTHuF7/TCoiwz61PxeU.76","action":"GetUpdates", "result":"DeleteReceived", "context":{"id":"b3991e8f-f7f0-496d-abac-456d0c21c0ca", "isDeleted:":"true", "version":"1699520739986"}}
{"logTime": "1228/111805", "correlationVector":"bA2QTHuF7/TCoiwz61PxeU.77","action":"GetUpdates", "result":"DeleteReceived", "context":{"id":"173bb36f-b7d9-4a2b-bb62-c2143f2a6f9e", "isDeleted:":"true", "version":"1699520739988"}}
{"logTime": "1228/111805", "correlationVector":"bA2QTHuF7/TCoiwz61PxeU.78","action":"GetUpdates", "result":"DeleteReceived", "context":{"id":"f802b521-d84d-42ef-b4f1-382114669d63", "isDeleted:":"true", "version":"1699521742816"}}
{"logTime": "1228/111805", "correlationVector":"bA2QTHuF7/TCoiwz61PxeU.79","action":"GetUpdates", "result":"DeleteReceived", "context":{"id":"ec017e2a-82e2-43c0-b8f8-adb380df09c2", "isDeleted:":"true", "version":"1699521742817"}}
{"logTime": "1228/111805", "correlationVector":"bA2QTHuF7/TCoiwz61PxeU.80","action":"GetUpdates", "result":"DeleteReceived", "context":{"id":"07590550-e6b3-4cda-a114-78f195408c4e", "isDeleted:":"true", "version":"1699521742820"}}
{"logTime": "1228/111805", "correlationVector":"bA2QTHuF7/TCoiwz61PxeU.81","action":"GetUpdates", "result":"DeleteReceived", "context":{"id":"8ccc2513-f041-4b4f-a1d3-5a7c225de8a3", "isDeleted:":"true", "version":"1699522321964"}}
{"logTime": "1228/111805", "correlationVector":"bA2QTHuF7/TCoiwz61PxeU.82","action":"GetUpdates", "result":"DeleteReceived", "context":{"id":"3dcd925a-149b-48b1-a902-2b741d4bb2da", "isDeleted:":"true", "version":"1699522321965"}}
{"logTime": "1228/111805", "correlationVector":"bA2QTHuF7/TCoiwz61PxeU.83","action":"GetUpdates", "result":"DeleteReceived", "context":{"id":"6cf37393-cd69-4349-a092-7ac9699eb563", "isDeleted:":"true", "version":"1699522321968"}}
{"logTime": "1228/111805", "correlationVector":"bA2QTHuF7/TCoiwz61PxeU.84","action":"GetUpdates", "result":"DeleteReceived", "context":{"id":"ba5cb5b6-19e6-40fb-830f-ee094545bd41", "isDeleted:":"true", "version":"1699522321971"}}
{"logTime": "1228/111805", "correlationVector":"bA2QTHuF7/TCoiwz61PxeU.85","action":"GetUpdates", "result":"DeleteReceived", "context":{"id":"149db7e7-7a24-4730-83bb-833d37eb1243", "isDeleted:":"true", "version":"1699522478261"}}
{"logTime": "1228/111805", "correlationVector":"bA2QTHuF7/TCoiwz61PxeU.86","action":"GetUpdates", "result":"DeleteReceived", "context":{"id":"90dc83d1-04dd-49d8-8c27-9c9f498f0224", "isDeleted:":"true", "version":"1699522483068"}}
{"logTime": "1228/111805", "correlationVector":"bA2QTHuF7/TCoiwz61PxeU.87","action":"GetUpdates", "result":"DeleteReceived", "context":{"id":"81f9f8ee-0751-4f75-9ccd-1f45e16375a1", "isDeleted:":"true", "version":"1699522483069"}}
{"logTime": "1228/111805", "correlationVector":"bA2QTHuF7/TCoiwz61PxeU.88","action":"GetUpdates", "result":"DeleteReceived", "context":{"id":"1f66d345-8dff-4b8a-b243-20a7e1a8738a", "isDeleted:":"true", "version":"1699522716755"}}
{"logTime": "1228/111805", "correlationVector":"bA2QTHuF7/TCoiwz61PxeU.89","action":"GetUpdates", "result":"DeleteReceived", "context":{"id":"acaed91e-ed26-4325-bc5a-862bf1bf457c", "isDeleted:":"true", "version":"1699522716756"}}
{"logTime": "1228/111805", "correlationVector":"bA2QTHuF7/TCoiwz61PxeU.90","action":"GetUpdates", "result":"DeleteReceived", "context":{"id":"64258d3a-0f05-4c79-bae3-be8a345ab999", "isDeleted:":"true", "version":"1699522878893"}}
{"logTime": "1228/111805", "correlationVector":"bA2QTHuF7/TCoiwz61PxeU.91","action":"GetUpdates", "result":"DeleteReceived", "context":{"id":"99d22cd9-addb-4e08-a08d-6aa8bed36ab1", "isDeleted:":"true", "version":"1699522944243"}}
{"logTime": "1228/111805", "correlationVector":"bA2QTHuF7/TCoiwz61PxeU.92","action":"GetUpdates", "result":"DeleteReceived", "context":{"id":"61e3155c-0c73-47d8-b941-323a1907c9d0", "isDeleted:":"true", "version":"1699522975773"}}
{"logTime": "1228/111805", "correlationVector":"bA2QTHuF7/TCoiwz61PxeU.93","action":"GetUpdates", "result":"DeleteReceived", "context":{"id":"c688b895-610e-470c-a4be-06d955c9a24f", "isDeleted:":"true", "version":"1699523079575"}}
{"logTime": "1228/111805", "correlationVector":"bA2QTHuF7/TCoiwz61PxeU.94","action":"GetUpdates", "result":"DeleteReceived", "context":{"id":"7bc558c0-e51d-4c27-91a8-7b387a7d59a4", "isDeleted:":"true", "version":"1699523079585"}}
{"logTime": "1228/111805", "correlationVector":"bA2QTHuF7/TCoiwz61PxeU.95","action":"GetUpdates", "result":"DeleteReceived", "context":{"id":"d165e853-8e4e-4eee-b0f4-a256cb32c34c", "isDeleted:":"true", "version":"1699523678930"}}
{"logTime": "1228/111805", "correlationVector":"bA2QTHuF7/TCoiwz61PxeU.96","action":"GetUpdates", "result":"DeleteReceived", "context":{"id":"dcac0efb-8b9c-4a49-ae4c-302b19840ce8", "isDeleted:":"true", "version":"1699523678931"}}
{"logTime": "1228/111805", "correlationVector":"bA2QTHuF7/TCoiwz61PxeU.97","action":"GetUpdates", "result":"DeleteReceived", "context":{"id":"cc0505b5-adfc-4fa8-bd86-82b16b527ce1", "isDeleted:":"true", "version":"1699523678933"}}
{"logTime": "1228/111805", "correlationVector":"bA2QTHuF7/TCoiwz61PxeU.98","action":"GetUpdates", "result":"DeleteReceived", "context":{"id":"2e674b8c-da75-460e-894e-da9183dbc8d3", "isDeleted:":"true", "version":"1699523678934"}}
{"logTime": "1228/111805", "correlationVector":"bA2QTHuF7/TCoiwz61PxeU.99","action":"GetUpdates", "result":"DeleteReceived", "context":{"id":"85d3604b-ab03-4a63-93d0-b7ec62b80e50", "isDeleted:":"true", "version":"1699523678935"}}
{"logTime": "1228/111805", "correlationVector":"bA2QTHuF7/TCoiwz61PxeU.100","action":"GetUpdates", "result":"DeleteReceived", "context":{"id":"4b754e2f-9ccc-49ad-8551-5924ad64615f", "isDeleted:":"true", "version":"1699523678936"}}
{"logTime": "1228/111805", "correlationVector":"bA2QTHuF7/TCoiwz61PxeU.101","action":"GetUpdates", "result":"DeleteReceived", "context":{"id":"52ed2639-a081-42c0-8adf-bf99bc554bcd", "isDeleted:":"true", "version":"1699523678937"}}
{"logTime": "1228/111805", "correlationVector":"bA2QTHuF7/TCoiwz61PxeU.102","action":"GetUpdates", "result":"DeleteReceived", "context":{"id":"757ddebc-08be-44f9-aeeb-4b4c35ba649f", "isDeleted:":"true", "version":"1699523678940"}}
{"logTime": "1228/111805", "correlationVector":"bA2QTHuF7/TCoiwz61PxeU.103","action":"GetUpdates", "result":"DeleteReceived", "context":{"id":"5882722e-9ec2-4b85-b7a8-43e3a232ac80", "isDeleted:":"true", "version":"1699523678942"}}
{"logTime": "1228/111805", "correlationVector":"bA2QTHuF7/TCoiwz61PxeU.104","action":"GetUpdates", "result":"DeleteReceived", "context":{"id":"56cbe961-10f4-46b2-a3ab-876abaf2236f", "isDeleted:":"true", "version":"1699523678943"}}
{"logTime": "1228/111805", "correlationVector":"bA2QTHuF7/TCoiwz61PxeU.105","action":"GetUpdates", "result":"DeleteReceived", "context":{"id":"4ba7d270-a13f-4daf-aab1-40e74a95a435", "isDeleted:":"true", "version":"1699535655186"}}
{"logTime": "1228/111805", "correlationVector":"bA2QTHuF7/TCoiwz61PxeU.106","action":"GetUpdates", "result":"DeleteReceived", "context":{"id":"e2fad544-43b2-48c8-9c27-9d0ee7599464", "isDeleted:":"true", "version":"1699535655187"}}
{"logTime": "1228/111805", "correlationVector":"bA2QTHuF7/TCoiwz61PxeU.107","action":"GetUpdates", "result":"DeleteReceived", "context":{"id":"e47dc833-3e9f-4418-86a0-1237eaac8b3e", "isDeleted:":"true", "version":"1699535655188"}}
{"logTime": "1228/111805", "correlationVector":"bA2QTHuF7/TCoiwz61PxeU.108","action":"GetUpdates", "result":"DeleteReceived", "context":{"id":"6892362d-fc90-4286-b3fb-8f009b1b4709", "isDeleted:":"true", "version":"1699535655190"}}
{"logTime": "1228/111805", "correlationVector":"bA2QTHuF7/TCoiwz61PxeU.109","action":"GetUpdates", "result":"DeleteReceived", "context":{"id":"2e685a41-6b32-492d-b83a-e1ea00ccc3a2", "isDeleted:":"true", "version":"1699589880410"}}
{"logTime": "1228/111805", "correlationVector":"bA2QTHuF7/TCoiwz61PxeU.110","action":"GetUpdates", "result":"DeleteReceived", "context":{"id":"dbbe497c-4821-4d34-8d01-2b7f42a11474", "isDeleted:":"true", "version":"1699590285919"}}
{"logTime": "1228/111805", "correlationVector":"bA2QTHuF7/TCoiwz61PxeU.111","action":"GetUpdates", "result":"DeleteReceived", "context":{"id":"a3a34e42-fb95-4a21-a8f5-bd3817a1adf2", "isDeleted:":"true", "version":"1699591882976"}}
{"logTime": "1228/111805", "correlationVector":"bA2QTHuF7/TCoiwz61PxeU.112","action":"GetUpdates", "result":"DeleteReceived", "context":{"id":"0ec3f029-13e3-4f79-95f4-7cf43d8b72c9", "isDeleted:":"true", "version":"1699591882977"}}
{"logTime": "1228/111805", "correlationVector":"bA2QTHuF7/TCoiwz61PxeU.113","action":"GetUpdates", "result":"DeleteReceived", "context":{"id":"4d891cf8-ff09-49fb-8ffc-840b68670022", "isDeleted:":"true", "version":"1699595491454"}}
{"logTime": "1228/111805", "correlationVector":"bA2QTHuF7/TCoiwz61PxeU.114","action":"GetUpdates", "result":"DeleteReceived", "context":{"id":"50f24ba1-3d19-49b4-852e-bd773d25f589", "isDeleted:":"true", "version":"1699595807252"}}
{"logTime": "1228/111805", "correlationVector":"bA2QTHuF7/TCoiwz61PxeU.115","action":"GetUpdates", "result":"DeleteReceived", "context":{"id":"f8fd4db7-06f5-4871-bddc-f6919a14898c", "isDeleted:":"true", "version":"1699596678414"}}
{"logTime": "1228/111805", "correlationVector":"bA2QTHuF7/TCoiwz61PxeU.116","action":"GetUpdates", "result":"DeleteReceived", "context":{"id":"64dd635a-3995-44f2-9848-557f616ca451", "isDeleted:":"true", "version":"1699596678415"}}
{"logTime": "1228/111805", "correlationVector":"bA2QTHuF7/TCoiwz61PxeU.117","action":"GetUpdates", "result":"DeleteReceived", "context":{"id":"1d32c5bd-90ea-43eb-ac9d-f7f7a32df2d2", "isDeleted:":"true", "version":"1699596678416"}}
{"logTime": "1228/111805", "correlationVector":"bA2QTHuF7/TCoiwz61PxeU.118","action":"GetUpdates", "result":"DeleteReceived", "context":{"id":"1b2c127c-5b94-422b-b7cc-077af94a099c", "isDeleted:":"true", "version":"1699596678420"}}
{"logTime": "1228/111805", "correlationVector":"bA2QTHuF7/TCoiwz61PxeU.119","action":"GetUpdates", "result":"DeleteReceived", "context":{"id":"35270aa0-66ae-4169-9037-abd687427714", "isDeleted:":"true", "version":"1699598100111"}}
{"logTime": "1228/111805", "correlationVector":"bA2QTHuF7/TCoiwz61PxeU.120","action":"GetUpdates", "result":"DeleteReceived", "context":{"id":"2a2b9e63-6d39-442b-9eb5-2bbc9e902f08", "isDeleted:":"true", "version":"1699598100113"}}
{"logTime": "1228/111805", "correlationVector":"bA2QTHuF7/TCoiwz61PxeU.121","action":"GetUpdates", "result":"DeleteReceived", "context":{"id":"4b119b7d-0b56-48cc-91ae-129701898b33", "isDeleted:":"true", "version":"1699627023905"}}
{"logTime": "1228/111805", "correlationVector":"bA2QTHuF7/TCoiwz61PxeU.122","action":"GetUpdates", "result":"DeleteReceived", "context":{"id":"7757cad2-b89f-4714-8ca6-f6cf57c19909", "isDeleted:":"true", "version":"1699627023906"}}
{"logTime": "1228/111805", "correlationVector":"bA2QTHuF7/TCoiwz61PxeU.123","action":"GetUpdates", "result":"DeleteReceived", "context":{"id":"f38b1d8b-221a-4e31-bddf-e2b6f017e1a0", "isDeleted:":"true", "version":"1699627023907"}}
{"logTime": "1228/111805", "correlationVector":"bA2QTHuF7/TCoiwz61PxeU.124","action":"GetUpdates", "result":"DeleteReceived", "context":{"id":"d5c21d66-6b63-439c-9f1f-f77e117dfb2d", "isDeleted:":"true", "version":"1699627023908"}}
{"logTime": "1228/111805", "correlationVector":"bA2QTHuF7/TCoiwz61PxeU.125","action":"GetUpdates", "result":"DeleteReceived", "context":{"id":"bd446e37-80e0-495e-a05a-eed9fbb1ca39", "isDeleted:":"true", "version":"1699627023909"}}
{"logTime": "1228/111805", "correlationVector":"bA2QTHuF7/TCoiwz61PxeU.126","action":"GetUpdates", "result":"DeleteReceived", "context":{"id":"2a33d94a-d3f6-4498-84b9-1e4f67dc9757", "isDeleted:":"true", "version":"1699627023910"}}
{"logTime": "1228/111805", "correlationVector":"bA2QTHuF7/TCoiwz61PxeU.127","action":"GetUpdates", "result":"DeleteReceived", "context":{"id":"a369c965-0252-45c9-b96d-ab857605f666", "isDeleted:":"true", "version":"1699627023913"}}
{"logTime": "1228/111805", "correlationVector":"bA2QTHuF7/TCoiwz61PxeU.128","action":"GetUpdates", "result":"DeleteReceived", "context":{"id":"a791070c-a405-4ebb-adc1-90568b157e42", "isDeleted:":"true", "version":"1699627023914"}}
{"logTime": "1228/111805", "correlationVector":"bA2QTHuF7/TCoiwz61PxeU.129","action":"GetUpdates", "result":"DeleteReceived", "context":{"id":"e8c73e3d-fa60-43ca-b9e6-9bf47c5e2411", "isDeleted:":"true", "version":"1699627023915"}}
{"logTime": "1228/111805", "correlationVector":"bA2QTHuF7/TCoiwz61PxeU.130","action":"GetUpdates", "result":"DeleteReceived", "context":{"id":"d89279a2-4a5f-4c0d-90e1-37ccab2ddc31", "isDeleted:":"true", "version":"1699629313924"}}
{"logTime": "1228/111805", "correlationVector":"bA2QTHuF7/TCoiwz61PxeU.131","action":"GetUpdates", "result":"DeleteReceived", "context":{"id":"e72da5aa-3144-4dda-8dc9-d4b04f0fcdb7", "isDeleted:":"true", "version":"1699629313925"}}
{"logTime": "1228/111805", "correlationVector":"bA2QTHuF7/TCoiwz61PxeU.132","action":"GetUpdates", "result":"DeleteReceived", "context":{"id":"8d4d5552-74c1-42fc-83d0-fe33138f0d00", "isDeleted:":"true", "version":"1699633213880"}}
{"logTime": "1228/111805", "correlationVector":"bA2QTHuF7/TCoiwz61PxeU.133","action":"GetUpdates", "result":"DeleteReceived", "context":{"id":"82a523e6-6757-4b61-ae20-d05fa9f5ac7d", "isDeleted:":"true", "version":"1699638627846"}}
{"logTime": "1228/111805", "correlationVector":"bA2QTHuF7/TCoiwz61PxeU.134","action":"GetUpdates", "result":"DeleteReceived", "context":{"id":"60073635-c0dc-4d48-a0cf-482362192994", "isDeleted:":"true", "version":"1699638627849"}}
{"logTime": "1228/111805", "correlationVector":"bA2QTHuF7/TCoiwz61PxeU.135","action":"GetUpdates", "result":"DeleteReceived", "context":{"id":"ce9864fd-e50b-4261-82d0-5961f117b506", "isDeleted:":"true", "version":"1699640006112"}}
{"logTime": "1228/111805", "correlationVector":"bA2QTHuF7/TCoiwz61PxeU.136","action":"GetUpdates", "result":"DeleteReceived", "context":{"id":"d65d0c54-3dec-4789-88d4-d9efd38c0b43", "isDeleted:":"true", "version":"1699640306275"}}
{"logTime": "1228/111805", "correlationVector":"bA2QTHuF7/TCoiwz61PxeU.137","action":"GetUpdates", "result":"DeleteReceived", "context":{"id":"7f9345e4-4156-48b0-93ed-56b5c011a6b2", "isDeleted:":"true", "version":"1699641178327"}}
{"logTime": "1228/111805", "correlationVector":"bA2QTHuF7/TCoiwz61PxeU.138","action":"GetUpdates", "result":"DeleteReceived", "context":{"id":"f3f63c62-c2bf-4beb-989e-4c5ba8665867", "isDeleted:":"true", "version":"1699671288264"}}
{"logTime": "1228/111805", "correlationVector":"bA2QTHuF7/TCoiwz61PxeU.139","action":"GetUpdates", "result":"DeleteReceived", "context":{"id":"392bc48f-2ca4-4f94-85cd-7e024d85129a", "isDeleted:":"true", "version":"1699673520073"}}
{"logTime": "1228/111805", "correlationVector":"bA2QTHuF7/TCoiwz61PxeU.140","action":"GetUpdates", "result":"DeleteReceived", "context":{"id":"bb27afb5-9cd7-4d67-90c5-6df29ba83e2b", "isDeleted:":"true", "version":"1699673520075"}}
{"logTime": "1228/111805", "correlationVector":"bA2QTHuF7/TCoiwz61PxeU.141","action":"GetUpdates", "result":"DeleteReceived", "context":{"id":"aff470d8-b64e-400e-96eb-dabe26a4ddcd", "isDeleted:":"true", "version":"1699684669611"}}
{"logTime": "1228/111805", "correlationVector":"bA2QTHuF7/TCoiwz61PxeU.142","action":"GetUpdates", "result":"DeleteReceived", "context":{"id":"122dec6a-a3eb-43fc-86ff-24253a191c02", "isDeleted:":"true", "version":"1699684669613"}}
{"logTime": "1228/111805", "correlationVector":"bA2QTHuF7/TCoiwz61PxeU.143","action":"GetUpdates", "result":"DeleteReceived", "context":{"id":"c3f77db4-e122-4277-8a2b-bb884e69968e", "isDeleted:":"true", "version":"1699686692539"}}
{"logTime": "1228/111805", "correlationVector":"bA2QTHuF7/TCoiwz61PxeU.144","action":"GetUpdates", "result":"DeleteReceived", "context":{"id":"4340bf46-2351-407f-b4d6-88e2b4e2e96a", "isDeleted:":"true", "version":"1699688629142"}}
{"logTime": "1228/111805", "correlationVector":"bA2QTHuF7/TCoiwz61PxeU.145","action":"GetUpdates", "result":"DeleteReceived", "context":{"id":"5205a17f-7bf3-403d-9e58-a240ef1ec71b", "isDeleted:":"true", "version":"1699689308225"}}
{"logTime": "1228/111805", "correlationVector":"bA2QTHuF7/TCoiwz61PxeU.146","action":"GetUpdates", "result":"DeleteReceived", "context":{"id":"f5c33399-1602-451b-9b1b-c42361c676a3", "isDeleted:":"true", "version":"1699694454596"}}
{"logTime": "1228/111805", "correlationVector":"bA2QTHuF7/TCoiwz61PxeU.147","action":"GetUpdates", "result":"DeleteReceived", "context":{"id":"eaa7cc1e-6e2c-40ab-a80a-9f7f6b551089", "isDeleted:":"true", "version":"1699695102481"}}
{"logTime": "1228/111805", "correlationVector":"bA2QTHuF7/TCoiwz61PxeU.148","action":"GetUpdates", "result":"DeleteReceived", "context":{"id":"a58bc9c4-b525-4227-bc58-9dfe5e487e17", "isDeleted:":"true", "version":"1699696523364"}}
{"logTime": "1228/111805", "correlationVector":"bA2QTHuF7/TCoiwz61PxeU.149","action":"GetUpdates", "result":"DeleteReceived", "context":{"id":"b2f8684d-a044-4028-ae5e-7bd80df6a5a9", "isDeleted:":"true", "version":"1699696882098"}}
{"logTime": "1228/111805", "correlationVector":"bA2QTHuF7/TCoiwz61PxeU.150","action":"GetUpdates", "result":"DeleteReceived", "context":{"id":"d7495217-c599-4fdc-8b5d-0c642b298192", "isDeleted:":"true", "version":"1699698978655"}}
{"logTime": "1228/111805", "correlationVector":"bA2QTHuF7/TCoiwz61PxeU.151","action":"GetUpdates", "result":"DeleteReceived", "context":{"id":"b129bdd3-0e1a-4987-8f96-9f13875c06c8", "isDeleted:":"true", "version":"1699770654626"}}
{"logTime": "1228/111805", "correlationVector":"bA2QTHuF7/TCoiwz61PxeU.152","action":"GetUpdates", "result":"DeleteReceived", "context":{"id":"ba00b278-a87f-47e7-87d7-8c9194934563", "isDeleted:":"true", "version":"1699772014212"}}
{"logTime": "1228/111805", "correlationVector":"bA2QTHuF7/TCoiwz61PxeU.153","action":"GetUpdates", "result":"DeleteReceived", "context":{"id":"62ab8fcc-e20d-408e-92f2-0092e09a410a", "isDeleted:":"true", "version":"1699772313644"}}
{"logTime": "1228/111805", "correlationVector":"bA2QTHuF7/TCoiwz61PxeU.154","action":"GetUpdates", "result":"DeleteReceived", "context":{"id":"f9a43751-0a76-4f00-aa13-33e8f2ed10fc", "isDeleted:":"true", "version":"1699788111611"}}
{"logTime": "1228/111805", "correlationVector":"bA2QTHuF7/TCoiwz61PxeU.155","action":"GetUpdates", "result":"DeleteReceived", "context":{"id":"ad79161b-5add-433c-8535-696759d9d7f6", "isDeleted:":"true", "version":"1699791092130"}}
{"logTime": "1228/111805", "correlationVector":"bA2QTHuF7/TCoiwz61PxeU.156","action":"GetUpdates", "result":"DeleteReceived", "context":{"id":"6d86f890-6eb3-4208-b50a-fd60e5b48e87", "isDeleted:":"true", "version":"1699796134553"}}
{"logTime": "1228/111805", "correlationVector":"bA2QTHuF7/TCoiwz61PxeU.157","action":"GetUpdates", "result":"DeleteReceived", "context":{"id":"fe05deba-0824-4875-9066-251028baef8c", "isDeleted:":"true", "version":"1699796775176"}}
{"logTime": "1228/111805", "correlationVector":"bA2QTHuF7/TCoiwz61PxeU.158","action":"GetUpdates", "result":"DeleteReceived", "context":{"id":"2a3edf7f-80c2-4ec2-b80f-94f00e3b90fd", "isDeleted:":"true", "version":"1699796775178"}}
{"logTime": "1228/111805", "correlationVector":"bA2QTHuF7/TCoiwz61PxeU.159","action":"GetUpdates", "result":"DeleteReceived", "context":{"id":"a09d5170-2488-4fc8-95d7-4f5b13c38c6f", "isDeleted:":"true", "version":"1699799455879"}}
{"logTime": "1228/111805", "correlationVector":"bA2QTHuF7/TCoiwz61PxeU.160","action":"GetUpdates", "result":"DeleteReceived", "context":{"id":"51dcf3e4-8a1b-490b-a61f-111948ba536d", "isDeleted:":"true", "version":"1699800376391"}}
{"logTime": "1228/111805", "correlationVector":"bA2QTHuF7/TCoiwz61PxeU.161","action":"GetUpdates", "result":"DeleteReceived", "context":{"id":"c24eb093-bfaa-447d-b0e4-3b86894ecc1b", "isDeleted:":"true", "version":"1699800880410"}}
{"logTime": "1228/111805", "correlationVector":"bA2QTHuF7/TCoiwz61PxeU.162","action":"GetUpdates", "result":"DeleteReceived", "context":{"id":"5a3214e2-c8ab-4499-bd76-1686e467b9fc", "isDeleted:":"true", "version":"1699937546784"}}
{"logTime": "1228/111805", "correlationVector":"bA2QTHuF7/TCoiwz61PxeU.163","action":"GetUpdates", "result":"DeleteReceived", "context":{"id":"2c723e43-b8e8-499b-ae93-01f27f0b1441", "isDeleted:":"true", "version":"1699937546785"}}
{"logTime": "1228/111805", "correlationVector":"bA2QTHuF7/TCoiwz61PxeU.164","action":"GetUpdates", "result":"DeleteReceived", "context":{"id":"65c58e81-020b-4f41-8e6b-d7c42469bacb", "isDeleted:":"true", "version":"1699937546786"}}
{"logTime": "1228/111805", "correlationVector":"bA2QTHuF7/TCoiwz61PxeU.165","action":"GetUpdates", "result":"DeleteReceived", "context":{"id":"5c3fd0a8-aba3-483b-a112-c36bcf64d91e", "isDeleted:":"true", "version":"1699939400894"}}
{"logTime": "1228/111805", "correlationVector":"bA2QTHuF7/TCoiwz61PxeU.166","action":"GetUpdates", "result":"DeleteReceived", "context":{"id":"007a4a85-074c-4d6c-a053-308ad3a0647d", "isDeleted:":"true", "version":"1699940249572"}}
{"logTime": "1228/111805", "correlationVector":"bA2QTHuF7/TCoiwz61PxeU.167","action":"GetUpdates", "result":"DeleteReceived", "context":{"id":"969ea696-ba66-4552-92a7-f8216a7bba54", "isDeleted:":"true", "version":"1699940249573"}}
{"logTime": "1228/111805", "correlationVector":"bA2QTHuF7/TCoiwz61PxeU.168","action":"GetUpdates", "result":"DeleteReceived", "context":{"id":"61d21121-89cf-4bb9-9492-99426fe8f4d2", "isDeleted:":"true", "version":"1699942319409"}}
{"logTime": "1228/111805", "correlationVector":"bA2QTHuF7/TCoiwz61PxeU.169","action":"GetUpdates", "result":"DeleteReceived", "context":{"id":"34364ea4-bc69-48be-9790-049aea675ded", "isDeleted:":"true", "version":"1699944402810"}}
{"logTime": "1228/111805", "correlationVector":"bA2QTHuF7/TCoiwz61PxeU.170","action":"GetUpdates", "result":"DeleteReceived", "context":{"id":"f2aaf92c-9a42-4d66-9e0d-107226758dce", "isDeleted:":"true", "version":"1699944402811"}}
{"logTime": "1228/111805", "correlationVector":"bA2QTHuF7/TCoiwz61PxeU.171","action":"GetUpdates", "result":"DeleteReceived", "context":{"id":"4f84709a-5359-49c7-91e7-b6a34c170b80", "isDeleted:":"true", "version":"1699963186906"}}
{"logTime": "1228/111805", "correlationVector":"bA2QTHuF7/TCoiwz61PxeU.172","action":"GetUpdates", "result":"DeleteReceived", "context":{"id":"5ef2879b-0677-44aa-a7a3-003fc78b8139", "isDeleted:":"true", "version":"1700035638427"}}
{"logTime": "1228/111805", "correlationVector":"bA2QTHuF7/TCoiwz61PxeU.173","action":"GetUpdates", "result":"DeleteReceived", "context":{"id":"5214b906-b97e-4f49-b971-44bd28e00c59", "isDeleted:":"true", "version":"1700052430734"}}
{"logTime": "1228/111805", "correlationVector":"bA2QTHuF7/TCoiwz61PxeU.174","action":"GetUpdates", "result":"DeleteReceived", "context":{"id":"6bbd8b37-ced9-4088-b29a-23135af32d44", "isDeleted:":"true", "version":"1700066327671"}}
{"logTime": "1228/111805", "correlationVector":"bA2QTHuF7/TCoiwz61PxeU.175","action":"GetUpdates", "result":"DeleteReceived", "context":{"id":"a337ebef-1776-4681-aa88-2d364025db6f", "isDeleted:":"true", "version":"1700141398067"}}
{"logTime": "1228/111805", "correlationVector":"bA2QTHuF7/TCoiwz61PxeU.176","action":"GetUpdates", "result":"DeleteReceived", "context":{"id":"34cbb208-f7cf-4069-905f-aee49c279975", "isDeleted:":"true", "version":"1700288332301"}}
{"logTime": "1228/111805", "correlationVector":"bA2QTHuF7/TCoiwz61PxeU.177","action":"GetUpdates", "result":"DeleteReceived", "context":{"id":"74b761e0-c675-4541-a218-25cf7a648f22", "isDeleted:":"true", "version":"1700483027375"}}
{"logTime": "1228/111805", "correlationVector":"bA2QTHuF7/TCoiwz61PxeU.178","action":"GetUpdates", "result":"DeleteReceived", "context":{"id":"59979ed7-80f2-4385-aa8b-6cf62b8adb57", "isDeleted:":"true", "version":"1700484996191"}}
{"logTime": "1228/111805", "correlationVector":"bA2QTHuF7/TCoiwz61PxeU.179","action":"GetUpdates", "result":"DeleteReceived", "context":{"id":"51739cbe-e073-4018-8fe9-0a170849b1dc", "isDeleted:":"true", "version":"1700672285988"}}
{"logTime": "1228/111805", "correlationVector":"bA2QTHuF7/TCoiwz61PxeU.180","action":"GetUpdates", "result":"DeleteReceived", "context":{"id":"6a1b7599-abdf-4647-b3a8-9778f79136fb", "isDeleted:":"true", "version":"1700672285990"}}
{"logTime": "1228/111805", "correlationVector":"bA2QTHuF7/TCoiwz61PxeU.181","action":"GetUpdates", "result":"DeleteReceived", "context":{"id":"88bf295c-1d6f-4a54-b4b7-c5fec60509af", "isDeleted:":"true", "version":"1700672293236"}}
{"logTime": "1228/111805", "correlationVector":"bA2QTHuF7/TCoiwz61PxeU.182","action":"GetUpdates", "result":"DeleteReceived", "context":{"id":"e846dc92-5d84-4a6a-a7c3-1ce8757ba267", "isDeleted:":"true", "version":"1700672300891"}}
{"logTime": "1228/111805", "correlationVector":"bA2QTHuF7/TCoiwz61PxeU.183","action":"GetUpdates", "result":"DeleteReceived", "context":{"id":"d73577c5-bdb1-4eef-a214-5d97bffecaed", "isDeleted:":"true", "version":"1700672423644"}}
{"logTime": "1228/111805", "correlationVector":"bA2QTHuF7/TCoiwz61PxeU.184","action":"GetUpdates", "result":"DeleteReceived", "context":{"id":"5d5d426e-1b25-4246-b4e2-c3005be94b24", "isDeleted:":"true", "version":"1700672684627"}}
{"logTime": "1228/111805", "correlationVector":"bA2QTHuF7/TCoiwz61PxeU.185","action":"GetUpdates", "result":"DeleteReceived", "context":{"id":"659f59bb-8ca9-4321-a1af-984925194527", "isDeleted:":"true", "version":"1700674974882"}}
{"logTime": "1228/111805", "correlationVector":"bA2QTHuF7/TCoiwz61PxeU.186","action":"GetUpdates", "result":"DeleteReceived", "context":{"id":"e32abe65-df9b-49d9-bd29-ef1862286c27", "isDeleted:":"true", "version":"1700711948400"}}
{"logTime": "1228/111805", "correlationVector":"bA2QTHuF7/TCoiwz61PxeU.187","action":"GetUpdates", "result":"DeleteReceived", "context":{"id":"dad61867-6bfd-4455-9b31-45b02c7090dd", "isDeleted:":"true", "version":"1700713870009"}}
{"logTime": "1228/111805", "correlationVector":"bA2QTHuF7/TCoiwz61PxeU.188","action":"GetUpdates", "result":"DeleteReceived", "context":{"id":"8fe2c022-4f7f-482a-b69b-f5685a616be9", "isDeleted:":"true", "version":"1701091100236"}}
{"logTime": "1228/111805", "correlationVector":"bA2QTHuF7/TCoiwz61PxeU.189","action":"GetUpdates", "result":"DeleteReceived", "context":{"id":"e944fd24-8590-4f13-a36d-612ce377d377", "isDeleted:":"true", "version":"1701091100237"}}
{"logTime": "1228/111805", "correlationVector":"bA2QTHuF7/TCoiwz61PxeU.190","action":"GetUpdates", "result":"DeleteReceived", "context":{"id":"e5e7ea8b-1b44-4877-ba7f-f85e89c27c23", "isDeleted:":"true", "version":"1701091100239"}}
{"logTime": "1228/111805", "correlationVector":"bA2QTHuF7/TCoiwz61PxeU.191","action":"GetUpdates", "result":"DeleteReceived", "context":{"id":"01a244ed-e6d7-4688-ba69-68a068d4ce1f", "isDeleted:":"true", "version":"1702030760238"}}
{"logTime": "1228/111805", "correlationVector":"bA2QTHuF7/TCoiwz61PxeU.192","action":"GetUpdates", "result":"DeleteReceived", "context":{"id":"2086476d-61eb-47f3-b3a8-bc20459cd47f", "isDeleted:":"true", "version":"1702188490252"}}
{"logTime": "1228/111805", "correlationVector":"bA2QTHuF7/TCoiwz61PxeU.193","action":"GetUpdates", "result":"DeleteReceived", "context":{"id":"74112018-4519-4632-b142-09e895636c1d", "isDeleted:":"true", "version":"1702188494314"}}
{"logTime": "1228/111805", "correlationVector":"bA2QTHuF7/TCoiwz61PxeU.194","action":"GetUpdates", "result":"DeleteReceived", "context":{"id":"d46db424-9dc7-450e-ace5-6dcbc2136151", "isDeleted:":"true", "version":"1702188494315"}}
{"logTime": "1228/111805", "correlationVector":"bA2QTHuF7/TCoiwz61PxeU.195","action":"GetUpdates", "result":"DeleteReceived", "context":{"id":"f9b64f6a-ac94-4d73-822e-2eaec27dfd9e", "isDeleted:":"true", "version":"1702191411955"}}
{"logTime": "1228/111805", "correlationVector":"bA2QTHuF7/TCoiwz61PxeU.196","action":"GetUpdates", "result":"DeleteReceived", "context":{"id":"d945b36c-96ab-448d-be86-a62858ed14a0", "isDeleted:":"true", "version":"1702271011649"}}
{"logTime": "1228/111805", "correlationVector":"bA2QTHuF7/TCoiwz61PxeU.197","action":"GetUpdates", "result":"DeleteReceived", "context":{"id":"37465fd3-2f6a-44ee-8f02-aef9568c30a1", "isDeleted:":"true", "version":"1702271011652"}}
{"logTime": "1228/111805", "correlationVector":"bA2QTHuF7/TCoiwz61PxeU.198","action":"GetUpdates", "result":"DeleteReceived", "context":{"id":"1ee401d0-d015-4203-8ec3-aebcfeae586d", "isDeleted:":"true", "version":"1702271200578"}}
{"logTime": "1228/111805", "correlationVector":"bA2QTHuF7/TCoiwz61PxeU.199","action":"GetUpdates", "result":"DeleteReceived", "context":{"id":"cd2588cd-e475-432b-973b-b2647c8d54e2", "isDeleted:":"true", "version":"1702271200579"}}
{"logTime": "1228/111805", "correlationVector":"bA2QTHuF7/TCoiwz61PxeU.200","action":"GetUpdates", "result":"DeleteReceived", "context":{"id":"828c5a1c-c817-445e-a7ff-78f4ea9248ba", "isDeleted:":"true", "version":"1702373919235"}}
{"logTime": "1228/111805", "correlationVector":"bA2QTHuF7/TCoiwz61PxeU.201","action":"GetUpdates", "result":"DeleteReceived", "context":{"id":"e647b5ed-ec3b-4472-8655-91ff952ab264", "isDeleted:":"true", "version":"1703001431994"}}
{"logTime": "1228/111805", "correlationVector":"bA2QTHuF7/TCoiwz61PxeU.202","action":"GetUpdates", "result":"DeleteReceived", "context":{"id":"ac56fe7d-381f-48c8-ba29-a47af3630570", "isDeleted:":"true", "version":"1703084665369"}}
{"logTime": "1228/111805", "correlationVector":"bA2QTHuF7/TCoiwz61PxeU.203","action":"GetUpdates", "result":"DeleteReceived", "context":{"id":"34d50eef-0e3b-4079-a5a3-0667c3188f10", "isDeleted:":"true", "version":"1703132882218"}}
{"logTime": "1228/111805", "correlationVector":"bA2QTHuF7/TCoiwz61PxeU.204","action":"GetUpdates", "result":"DeleteReceived", "context":{"id":"a2ebae41-1ec2-48d3-bde1-a2d7feb146c3", "isDeleted:":"true", "version":"1703132882220"}}
{"logTime": "1228/111805", "correlationVector":"bA2QTHuF7/TCoiwz61PxeU.205","action":"GetUpdates", "result":"DeleteReceived", "context":{"id":"2fc7621d-64cf-4bb9-8086-9d529e260c27", "isDeleted:":"true", "version":"1703136919858"}}
{"logTime": "1228/111805", "correlationVector":"bA2QTHuF7/TCoiwz61PxeU.206","action":"GetUpdates", "result":"DeleteReceived", "context":{"id":"18a0d51c-a343-4c90-b69e-e43e3859eba5", "isDeleted:":"true", "version":"1703153204008"}}
{"logTime": "1228/111805", "correlationVector":"bA2QTHuF7/TCoiwz61PxeU.207","action":"GetUpdates", "result":"DeleteReceived", "context":{"id":"85a9b365-ba5f-4374-9811-3e1653d98f05", "isDeleted:":"true", "version":"1703153204010"}}
{"logTime": "1228/111805", "correlationVector":"bA2QTHuF7/TCoiwz61PxeU.208","action":"GetUpdates", "result":"DeleteReceived", "context":{"id":"f2fdbf42-b846-4481-af36-3461c6789374", "isDeleted:":"true", "version":"1703153204011"}}
{"logTime": "1228/111805", "correlationVector":"bA2QTHuF7/TCoiwz61PxeU.209","action":"GetUpdates", "result":"DeleteReceived", "context":{"id":"2084f2fb-88d5-43da-a85a-4514b5668ed6", "isDeleted:":"true", "version":"1703153204013"}}
{"logTime": "1228/111805", "correlationVector":"bA2QTHuF7/TCoiwz61PxeU.210","action":"GetUpdates", "result":"DeleteReceived", "context":{"id":"11090958-eff2-4623-a94f-d34f613b7412", "isDeleted:":"true", "version":"1703164090513"}}
{"logTime": "1228/111805", "correlationVector":"bA2QTHuF7/TCoiwz61PxeU.211","action":"GetUpdates", "result":"DeleteReceived", "context":{"id":"c37e1819-6762-4c39-99b8-34265a467794", "isDeleted:":"true", "version":"1703167639769"}}
{"logTime": "1228/111805", "correlationVector":"bA2QTHuF7/TCoiwz61PxeU.212","action":"GetUpdates", "result":"DeleteReceived", "context":{"id":"9c122437-f3f4-4d53-9d88-9105bf84fa76", "isDeleted:":"true", "version":"1703170222004"}}
{"logTime": "1228/111805", "correlationVector":"bA2QTHuF7/TCoiwz61PxeU.213","action":"GetUpdates", "result":"DeleteReceived", "context":{"id":"0be5a28e-6201-4d19-b4e4-2da85f93865b", "isDeleted:":"true", "version":"1703170295747"}}
{"logTime": "1228/111805", "correlationVector":"bA2QTHuF7/TCoiwz61PxeU.214","action":"GetUpdates", "result":"DeleteReceived", "context":{"id":"0a0256d2-e476-471c-84e4-5254ebf67301", "isDeleted:":"true", "version":"1703177425444"}}
{"logTime": "1228/111805", "correlationVector":"bA2QTHuF7/TCoiwz61PxeU.215","action":"GetUpdates", "result":"DeleteReceived", "context":{"id":"cb7aee04-783d-4757-a809-6e79b3216261", "isDeleted:":"true", "version":"1703177425446"}}
{"logTime": "1228/111805", "correlationVector":"bA2QTHuF7/TCoiwz61PxeU.216","action":"GetUpdates", "result":"DeleteReceived", "context":{"id":"7584cc1d-598b-4c0b-8798-bf1967ece646", "isDeleted:":"true", "version":"1703181082161"}}
{"logTime": "1228/111805", "correlationVector":"bA2QTHuF7/TCoiwz61PxeU.217","action":"GetUpdates", "result":"DeleteReceived", "context":{"id":"e5208e65-490d-4305-a52c-a79fd506ad4a", "isDeleted:":"true", "version":"1703211918869"}}
{"logTime": "1228/111805", "correlationVector":"bA2QTHuF7/TCoiwz61PxeU.218","action":"GetUpdates", "result":"DeleteReceived", "context":{"id":"659575a2-b112-4ae3-b516-15cce4d591ec", "isDeleted:":"true", "version":"1703249658399"}}
{"logTime": "1228/111805", "correlationVector":"bA2QTHuF7/TCoiwz61PxeU.219","action":"GetUpdates", "result":"DeleteReceived", "context":{"id":"edf77511-e525-4c9a-af33-f6f763ccab3f", "isDeleted:":"true", "version":"1703249658402"}}
{"logTime": "1228/111805", "correlationVector":"bA2QTHuF7/TCoiwz61PxeU.220","action":"GetUpdates", "result":"DeleteReceived", "context":{"id":"4a0d4306-deb3-45bc-82e4-4065afd488ec", "isDeleted:":"true", "version":"1703252795219"}}
{"logTime": "1228/111805", "correlationVector":"bA2QTHuF7/TCoiwz61PxeU.221","action":"GetUpdates", "result":"DeleteReceived", "context":{"id":"6c8c417c-24f3-4748-8c76-bff4e22de7a3", "isDeleted:":"true", "version":"1703252795220"}}
{"logTime": "1228/111805", "correlationVector":"bA2QTHuF7/TCoiwz61PxeU.222","action":"GetUpdates", "result":"DeleteReceived", "context":{"id":"ee49b309-38f9-4430-b656-aa5a7336fa02", "isDeleted:":"true", "version":"1703492819913"}}
{"logTime": "1228/111805", "correlationVector":"bA2QTHuF7/TCoiwz61PxeU.223","action":"GetUpdates", "result":"DeleteReceived", "context":{"id":"8ba4266d-3366-42af-93ad-6c6c9d568977", "isDeleted:":"true", "version":"1703493116281"}}
{"logTime": "1228/111805", "correlationVector":"bA2QTHuF7/TCoiwz61PxeU.224","action":"GetUpdates", "result":"DeleteReceived", "context":{"id":"877e9dda-a39c-41d3-a25b-020eb753cf01", "isDeleted:":"true", "version":"1703500119837"}}
{"logTime": "1228/111805", "correlationVector":"bA2QTHuF7/TCoiwz61PxeU.225","action":"GetUpdates", "result":"DeleteReceived", "context":{"id":"b947afcd-7ff9-4bbc-b994-f70af3615313", "isDeleted:":"true", "version":"1703520188670"}}
{"logTime": "1228/111805", "correlationVector":"bA2QTHuF7/TCoiwz61PxeU.226","action":"GetUpdates Response", "result":"SERVER_MORE_TO_DOWNLOAD", "context":Received 250 update(s).  Some updates remain.}
{"logTime": "1228/111805", "correlationVector":"ND8QedjgTWmeOXiiTk58Gl","action":"Initial GetUpdates", "result":"", "context":Reason: NEWLY_SUPPORTED_DATATYPE. cV=ND8QedjgTWmeOXiiTk58Gl}
{"logTime": "1228/111805", "correlationVector":"ND8QedjgTWmeOXiiTk58Gl.1","action":"SyncServerConnectionManagerRequest", "result":"SYNC_SERVER_OK", "context":{"environment":"Prod_SoutheastAsia_000j", "migrationStage":"NotStarted", "server":"GENERAL0300000C"}}
{"logTime": "1228/111805", "correlationVector":"ND8QedjgTWmeOXiiTk58Gl.2","action":"GetUpdates", "result":"DeleteReceived", "context":{"id":"ba91db0f-ba54-40c4-9054-2bd2471aacd9", "isDeleted:":"true", "version":"1703520238064"}}
{"logTime": "1228/111805", "correlationVector":"ND8QedjgTWmeOXiiTk58Gl.3","action":"GetUpdates", "result":"DeleteReceived", "context":{"id":"079ff6ed-cec7-4d13-92bf-4f90d479d7a6", "isDeleted:":"true", "version":"1703520487786"}}
{"logTime": "1228/111805", "correlationVector":"ND8QedjgTWmeOXiiTk58Gl.4","action":"GetUpdates", "result":"DeleteReceived", "context":{"id":"f9124dac-c231-470b-a10e-3a532395555d", "isDeleted:":"true", "version":"1703565458369"}}
{"logTime": "1228/111805", "correlationVector":"ND8QedjgTWmeOXiiTk58Gl.5","action":"GetUpdates", "result":"DeleteReceived", "context":{"id":"d3f66b30-8a74-46de-b092-f567b77c2ad5", "isDeleted:":"true", "version":"1703565458370"}}
{"logTime": "1228/111805", "correlationVector":"ND8QedjgTWmeOXiiTk58Gl.6","action":"GetUpdates", "result":"DeleteReceived", "context":{"id":"d70b7ceb-bfe1-4a82-bf05-c4c4d2d225ef", "isDeleted:":"true", "version":"1703566826092"}}
{"logTime": "1228/111805", "correlationVector":"ND8QedjgTWmeOXiiTk58Gl.7","action":"GetUpdates", "result":"DeleteReceived", "context":{"id":"665c89de-58a4-4bdc-a4b7-889fd9909f15", "isDeleted:":"true", "version":"1703572199041"}}
{"logTime": "1228/111805", "correlationVector":"ND8QedjgTWmeOXiiTk58Gl.8","action":"GetUpdates", "result":"DeleteReceived", "context":{"id":"d690b81e-126e-42b9-99af-829c9cebc3ed", "isDeleted:":"true", "version":"1703574654041"}}
{"logTime": "1228/111805", "correlationVector":"ND8QedjgTWmeOXiiTk58Gl.9","action":"GetUpdates", "result":"DeleteReceived", "context":{"id":"5309fd59-41ab-4d94-a1dc-adcd5e6a5d80", "isDeleted:":"true", "version":"1703574684934"}}
{"logTime": "1228/111805", "correlationVector":"ND8QedjgTWmeOXiiTk58Gl.10","action":"GetUpdates", "result":"DeleteReceived", "context":{"id":"1111125d-3c4b-4762-a889-6dc997fa9c61", "isDeleted:":"true", "version":"1703754642942"}}
{"logTime": "1228/111805", "correlationVector":"ND8QedjgTWmeOXiiTk58Gl.11","action":"GetUpdates Response", "result":"SYNCER_OK", "context":Received 151 update(s). cV=ND8QedjgTWmeOXiiTk58Gl.0;server=GENERAL0300000C;cloudType=Consumer;environment=Prod_SoutheastAsia_000j;migrationStage=NotStarted}
{"logTime": "1228/111805", "correlationVector":"YK54HiChxJv6Dkp3Ddk+Ik","action":"Normal GetUpdate request", "result":"", "context":cV=YK54HiChxJv6Dkp3Ddk+Ik
Nudged types: Bookmarks, Passwords, Sessions, Device Info
Refresh requested types: Bookmarks, Preferences, Passwords, Autofill Profiles, Autofill, Autofill Custom Data, Typed URLs, Extensions, Sessions, Extension settings, History Delete Directives, Device Info, User Consents, Send Tab To Self, Web Apps, Collection, Edge E Drop, Edge Hub App Usage, Edge Wallet, Encryption Keys}
{"logTime": "1228/111806", "correlationVector":"YK54HiChxJv6Dkp3Ddk+Ik.1","action":"SyncServerConnectionManagerRequest", "result":"SYNC_SERVER_OK", "context":{"environment":"Prod_SoutheastAsia_000j", "migrationStage":"NotStarted", "server":"GENERAL01000008"}}
{"logTime": "1228/111806", "correlationVector":"YK54HiChxJv6Dkp3Ddk+Ik.2","action":"GetUpdates Response", "result":"SYNCER_OK", "context":Received 0 update(s). cV=YK54HiChxJv6Dkp3Ddk+Ik.0;server=GENERAL01000008;cloudType=Consumer;environment=Prod_SoutheastAsia_000j;migrationStage=NotStarted}
{"logTime": "1228/111806", "correlationVector":"5KQS+B2YBTRLi54txk47ze","action":"Commit Request", "result":"", "context":Item count: 12
Contributing types: Passwords, Device Info}
{"logTime": "1228/111808", "correlationVector":"5KQS+B2YBTRLi54txk47ze.1","action":"SyncServerConnectionManagerRequest", "result":"SYNC_SERVER_OK", "context":{"environment":"Prod_SoutheastAsia_000j", "migrationStage":"NotStarted", "server":"GENERAL03000022"}}
{"logTime": "1228/111808", "correlationVector":"5KQS+B2YBTRLi54txk47ze.2","action":"Commit Response", "result":"SYNCER_OK", "context":Result: SYNCER_OK. cV=5KQS+B2YBTRLi54txk47ze.0;server=GENERAL03000022;cloudType=Consumer;environment=Prod_SoutheastAsia_000j;migrationStage=NotStarted}
{"logTime": "1228/111808", "correlationVector":"1Joe9Psng5EPUWyx18iwjT","action":"Commit Request", "result":"", "context":Item count: 4
Contributing types: Bookmarks, Sessions}
{"logTime": "1228/111809", "correlationVector":"1Joe9Psng5EPUWyx18iwjT.1","action":"SyncServerConnectionManagerRequest", "result":"SYNC_SERVER_OK", "context":{"environment":"Prod_SoutheastAsia_000j", "migrationStage":"NotStarted", "server":"GENERAL01000009"}}
{"logTime": "1228/111809", "correlationVector":"1Joe9Psng5EPUWyx18iwjT.2","action":"Commit Response", "result":"SYNCER_OK", "context":Result: SYNCER_OK. cV=1Joe9Psng5EPUWyx18iwjT.0;server=GENERAL01000009;cloudType=Consumer;environment=Prod_SoutheastAsia_000j;migrationStage=NotStarted}
{"logTime": "1228/111840", "correlationVector":"c4vtwPFIfc7W5CDZD1st5i","action":"Commit Request", "result":"", "context":Item count: 20
Contributing types: Passwords}
{"logTime": "1228/111841", "correlationVector":"c4vtwPFIfc7W5CDZD1st5i.1","action":"SyncServerConnectionManagerRequest", "result":"SYNC_SERVER_OK", "context":{"environment":"Prod_SoutheastAsia_000j", "migrationStage":"NotStarted", "server":"GENERAL0100001F"}}
{"logTime": "1228/111841", "correlationVector":"c4vtwPFIfc7W5CDZD1st5i.2","action":"Commit Response", "result":"SYNCER_OK", "context":Result: SYNCER_OK. cV=c4vtwPFIfc7W5CDZD1st5i.0;server=GENERAL0100001F;cloudType=Consumer;environment=Prod_SoutheastAsia_000j;migrationStage=NotStarted}
{"logTime": "1228/111841", "correlationVector":"lBjjOftbYSUB0/r3rHT/qT","action":"Commit Request", "result":"", "context":Item count: 20
Contributing types: Passwords}
{"logTime": "1228/111843", "correlationVector":"lBjjOftbYSUB0/r3rHT/qT.1","action":"SyncServerConnectionManagerRequest", "result":"SYNC_SERVER_OK", "context":{"environment":"Prod_SoutheastAsia_000j", "migrationStage":"NotStarted", "server":"GENERAL0300000B"}}
{"logTime": "1228/111843", "correlationVector":"lBjjOftbYSUB0/r3rHT/qT.2","action":"Commit Response", "result":"SYNCER_OK", "context":Result: SYNCER_OK. cV=lBjjOftbYSUB0/r3rHT/qT.0;server=GENERAL0300000B;cloudType=Consumer;environment=Prod_SoutheastAsia_000j;migrationStage=NotStarted}
{"logTime": "1228/111843", "correlationVector":"zuiGOFCuw01A9SJFZwzqS/","action":"Commit Request", "result":"", "context":Item count: 1
Contributing types: Preferences}
{"logTime": "1228/111843", "correlationVector":"zuiGOFCuw01A9SJFZwzqS/.1","action":"SyncServerConnectionManagerRequest", "result":"SYNC_SERVER_OK", "context":{"environment":"Prod_SoutheastAsia_000j", "migrationStage":"NotStarted", "server":"GENERAL0300000A"}}
{"logTime": "1228/111843", "correlationVector":"zuiGOFCuw01A9SJFZwzqS/.2","action":"Commit Response", "result":"SYNCER_OK", "context":Result: SYNCER_OK. cV=zuiGOFCuw01A9SJFZwzqS/.0;server=GENERAL0300000A;cloudType=Consumer;environment=Prod_SoutheastAsia_000j;migrationStage=NotStarted}
{"logTime": "1228/112251", "correlationVector":"2Jxv1Xhd1mrTQoy03aXFdv","action":"Normal GetUpdate request", "result":"", "context":cV=2Jxv1Xhd1mrTQoy03aXFdv
Nudged types: Preferences
Refresh requested types: Bookmarks, Preferences, Passwords, Autofill Profiles, Autofill, Autofill Custom Data, Typed URLs, Extensions, Sessions, Extension settings, History Delete Directives, Device Info, User Consents, Send Tab To Self, Web Apps, Collection, Edge E Drop, Edge Hub App Usage, Edge Wallet, Encryption Keys}
{"logTime": "1228/112251", "correlationVector":"2Jxv1Xhd1mrTQoy03aXFdv.1","action":"SyncServerConnectionManagerRequest", "result":"SYNC_SERVER_OK", "context":{"environment":"Prod_SoutheastAsia_000j", "migrationStage":"NotStarted", "server":"GENERAL0300001R"}}
{"logTime": "1228/112251", "correlationVector":"2Jxv1Xhd1mrTQoy03aXFdv.2","action":"GetUpdates Response", "result":"SYNCER_OK", "context":Received 46 update(s). cV=2Jxv1Xhd1mrTQoy03aXFdv.0;server=GENERAL0300001R;cloudType=Consumer;environment=Prod_SoutheastAsia_000j;migrationStage=NotStarted}
{"logTime": "1228/112251", "correlationVector":"I4BPVaiv9/CHCje21wFUYe","action":"Commit Request", "result":"", "context":Item count: 1
Contributing types: Preferences}
{"logTime": "1228/112252", "correlationVector":"I4BPVaiv9/CHCje21wFUYe.1","action":"SyncServerConnectionManagerRequest", "result":"SYNC_SERVER_OK", "context":{"environment":"Prod_SoutheastAsia_000j", "migrationStage":"NotStarted", "server":"GENERAL03000022"}}
{"logTime": "1228/112252", "correlationVector":"I4BPVaiv9/CHCje21wFUYe.2","action":"Commit Response", "result":"SYNCER_OK", "context":Result: SYNCER_OK. cV=I4BPVaiv9/CHCje21wFUYe.0;server=GENERAL03000022;cloudType=Consumer;environment=Prod_SoutheastAsia_000j;migrationStage=NotStarted}
{"logTime": "1228/112700", "correlationVector":"wpeBNo7TNQFgdZwyfo9z2p","action":"Commit Request", "result":"", "context":Item count: 1
Contributing types: Sessions}
{"logTime": "1228/112701", "correlationVector":"wpeBNo7TNQFgdZwyfo9z2p.1","action":"SyncServerConnectionManagerRequest", "result":"SYNC_SERVER_OK", "context":{"environment":"Prod_SoutheastAsia_000j", "migrationStage":"NotStarted", "server":"GENERAL01000007"}}
{"logTime": "1228/112701", "correlationVector":"wpeBNo7TNQFgdZwyfo9z2p.2","action":"Commit Response", "result":"SYNCER_OK", "context":Result: SYNCER_OK. cV=wpeBNo7TNQFgdZwyfo9z2p.0;server=GENERAL01000007;cloudType=Consumer;environment=Prod_SoutheastAsia_000j;migrationStage=NotStarted}
{"logTime": "1228/112737", "correlationVector":"gnFfNiGWHTxNThxehp2x+l","action":"Commit Request", "result":"", "context":Item count: 1
Contributing types: Sessions}
{"logTime": "1228/112738", "correlationVector":"gnFfNiGWHTxNThxehp2x+l.1","action":"SyncServerConnectionManagerRequest", "result":"SYNC_SERVER_OK", "context":{"environment":"Prod_SoutheastAsia_000j", "migrationStage":"NotStarted", "server":"GENERAL01000001"}}
{"logTime": "1228/112738", "correlationVector":"gnFfNiGWHTxNThxehp2x+l.2","action":"Commit Response", "result":"SYNCER_OK", "context":Result: SYNCER_OK. cV=gnFfNiGWHTxNThxehp2x+l.0;server=GENERAL01000001;cloudType=Consumer;environment=Prod_SoutheastAsia_000j;migrationStage=NotStarted}
{"logTime": "1228/112953", "correlationVector":"HR1uEbzz7ilqxTCqRQBSME","action":"Commit Request", "result":"", "context":Item count: 1
Contributing types: Sessions}
{"logTime": "1228/112954", "correlationVector":"HR1uEbzz7ilqxTCqRQBSME.1","action":"SyncServerConnectionManagerRequest", "result":"SYNC_SERVER_OK", "context":{"environment":"Prod_SoutheastAsia_000j", "migrationStage":"NotStarted", "server":"GENERAL03000019"}}
{"logTime": "1228/112954", "correlationVector":"HR1uEbzz7ilqxTCqRQBSME.2","action":"Commit Response", "result":"SYNCER_OK", "context":Result: SYNCER_OK. cV=HR1uEbzz7ilqxTCqRQBSME.0;server=GENERAL03000019;cloudType=Consumer;environment=Prod_SoutheastAsia_000j;migrationStage=NotStarted}
{"logTime": "1228/113117", "correlationVector":"tgGS2fWhVYQPxv1GuY6epO","action":"Commit Request", "result":"", "context":Item count: 1
Contributing types: Sessions}
{"logTime": "1228/113118", "correlationVector":"tgGS2fWhVYQPxv1GuY6epO.1","action":"SyncServerConnectionManagerRequest", "result":"SYNC_SERVER_OK", "context":{"environment":"Prod_SoutheastAsia_000j", "migrationStage":"NotStarted", "server":"GENERAL0100001J"}}
{"logTime": "1228/113118", "correlationVector":"tgGS2fWhVYQPxv1GuY6epO.2","action":"Commit Response", "result":"SYNCER_OK", "context":Result: SYNCER_OK. cV=tgGS2fWhVYQPxv1GuY6epO.0;server=GENERAL0100001J;cloudType=Consumer;environment=Prod_SoutheastAsia_000j;migrationStage=NotStarted}
{"logTime": "1228/113803", "correlationVector":"pawa4Ojj+L06fK2JsuWWYP","action":"Commit Request", "result":"", "context":Item count: 1
Contributing types: Sessions}
{"logTime": "1228/113804", "correlationVector":"pawa4Ojj+L06fK2JsuWWYP.1","action":"SyncServerConnectionManagerRequest", "result":"SYNC_SERVER_OK", "context":{"environment":"Prod_SoutheastAsia_000j", "migrationStage":"NotStarted", "server":"GENERAL03000020"}}
{"logTime": "1228/113804", "correlationVector":"pawa4Ojj+L06fK2JsuWWYP.2","action":"Commit Response", "result":"SYNCER_OK", "context":Result: SYNCER_OK. cV=pawa4Ojj+L06fK2JsuWWYP.0;server=GENERAL03000020;cloudType=Consumer;environment=Prod_SoutheastAsia_000j;migrationStage=NotStarted}
{"logTime": "1228/114648", "correlationVector":"91nqOEcy1klghPlduMxdGA","action":"Commit Request", "result":"", "context":Item count: 1
Contributing types: Sessions}
{"logTime": "1228/114649", "correlationVector":"91nqOEcy1klghPlduMxdGA.1","action":"SyncServerConnectionManagerRequest", "result":"SYNC_SERVER_OK", "context":{"environment":"Prod_SoutheastAsia_000j", "migrationStage":"NotStarted", "server":"GENERAL0100001K"}}
{"logTime": "1228/114649", "correlationVector":"91nqOEcy1klghPlduMxdGA.2","action":"Commit Response", "result":"SYNCER_OK", "context":Result: SYNCER_OK. cV=91nqOEcy1klghPlduMxdGA.0;server=GENERAL0100001K;cloudType=Consumer;environment=Prod_SoutheastAsia_000j;migrationStage=NotStarted}
{"logTime": "1228/114727", "correlationVector":"/UMUE9s0lMcEJjt1cjAab0.1","action":"SyncServerConnectionManagerRequest", "result":"SYNC_SERVER_OK", "context":{"environment":"Prod_SoutheastAsia_000j", "migrationStage":"NotStarted", "server":"GENERAL0100000N"}}
{"logTime": "1228/114727", "correlationVector":"/UMUE9s0lMcEJjt1cjAab0","action":"Initial GetUpdates", "result":"", "context":Reason: NEW_CLIENT. cV=/UMUE9s0lMcEJjt1cjAab0}
{"logTime": "1228/114727", "correlationVector":"/UMUE9s0lMcEJjt1cjAab0.2","action":"GetUpdates Response", "result":"SYNCER_OK", "context":Received 1 update(s). cV=/UMUE9s0lMcEJjt1cjAab0.0;server=GENERAL0100000N;cloudType=Consumer;environment=Prod_SoutheastAsia_000j;migrationStage=NotStarted}
{"logTime": "1228/114727", "correlationVector":"rnPfxp4siYxd7D9fI8Q7cQ","action":"Initial GetUpdates", "result":"", "context":Reason: NEWLY_SUPPORTED_DATATYPE. cV=rnPfxp4siYxd7D9fI8Q7cQ}
{"logTime": "1228/114727", "correlationVector":"rnPfxp4siYxd7D9fI8Q7cQ.1","action":"SyncServerConnectionManagerRequest", "result":"SYNC_SERVER_OK", "context":{"environment":"Prod_SoutheastAsia_000j", "migrationStage":"NotStarted", "server":"GENERAL0100000J"}}
{"logTime": "1228/114727", "correlationVector":"rnPfxp4siYxd7D9fI8Q7cQ.2","action":"GetUpdates", "result":"DeleteReceived", "context":{"id":"40647844-3ab2-4542-b910-fb4540d035ae", "isDeleted:":"true", "version":"1692870307432"}}
{"logTime": "1228/114727", "correlationVector":"rnPfxp4siYxd7D9fI8Q7cQ.3","action":"GetUpdates", "result":"DeleteReceived", "context":{"id":"049ccbab-7afc-46e8-b117-43626d75a5e4", "isDeleted:":"true", "version":"1692870307435"}}
{"logTime": "1228/114727", "correlationVector":"rnPfxp4siYxd7D9fI8Q7cQ.4","action":"GetUpdates", "result":"DeleteReceived", "context":{"id":"b204184d-7c42-431c-8686-614dfc7b6b16", "isDeleted:":"true", "version":"1692870307436"}}
{"logTime": "1228/114727", "correlationVector":"rnPfxp4siYxd7D9fI8Q7cQ.5","action":"GetUpdates", "result":"DeleteReceived", "context":{"id":"2e2e46f9-0a21-41a3-ac76-271f0ec2bbfe", "isDeleted:":"true", "version":"1692870307438"}}
{"logTime": "1228/114727", "correlationVector":"rnPfxp4siYxd7D9fI8Q7cQ.6","action":"GetUpdates", "result":"DeleteReceived", "context":{"id":"2408c6b9-0159-415c-bc14-0cb7644067eb", "isDeleted:":"true", "version":"1692870307439"}}
{"logTime": "1228/114727", "correlationVector":"rnPfxp4siYxd7D9fI8Q7cQ.7","action":"GetUpdates", "result":"DeleteReceived", "context":{"id":"b30e91ee-03ae-4407-9c49-95a2fc955a28", "isDeleted:":"true", "version":"1692870307440"}}
{"logTime": "1228/114727", "correlationVector":"rnPfxp4siYxd7D9fI8Q7cQ.8","action":"GetUpdates", "result":"DeleteReceived", "context":{"id":"fb7c51e6-6e81-4045-9643-d8a650f6738f", "isDeleted:":"true", "version":"1692870307441"}}
{"logTime": "1228/114727", "correlationVector":"rnPfxp4siYxd7D9fI8Q7cQ.9","action":"GetUpdates", "result":"DeleteReceived", "context":{"id":"0ab642eb-acce-4b96-b970-d65b88f4d959", "isDeleted:":"true", "version":"1692870307442"}}
{"logTime": "1228/114727", "correlationVector":"rnPfxp4siYxd7D9fI8Q7cQ.10","action":"GetUpdates", "result":"DeleteReceived", "context":{"id":"f553477e-2976-4c67-a4b4-00cac6494dd1", "isDeleted:":"true", "version":"1692870307443"}}
{"logTime": "1228/114727", "correlationVector":"rnPfxp4siYxd7D9fI8Q7cQ.11","action":"GetUpdates", "result":"DeleteReceived", "context":{"id":"1fae25bf-f3dc-4a5e-8d52-60f47af8e43a", "isDeleted:":"true", "version":"1692870307445"}}
{"logTime": "1228/114727", "correlationVector":"rnPfxp4siYxd7D9fI8Q7cQ.12","action":"GetUpdates", "result":"DeleteReceived", "context":{"id":"de197005-d3e1-4c4a-b863-8d90e128ac66", "isDeleted:":"true", "version":"1692870310168"}}
{"logTime": "1228/114727", "correlationVector":"rnPfxp4siYxd7D9fI8Q7cQ.13","action":"GetUpdates", "result":"DeleteReceived", "context":{"id":"df8621aa-fb25-4f4a-93cd-5cb1b4d3686d", "isDeleted:":"true", "version":"1692870310173"}}
{"logTime": "1228/114727", "correlationVector":"rnPfxp4siYxd7D9fI8Q7cQ.14","action":"GetUpdates", "result":"DeleteReceived", "context":{"id":"ad0d79eb-df24-473d-89f2-e57e0bbaef96", "isDeleted:":"true", "version":"1692870310174"}}
{"logTime": "1228/114727", "correlationVector":"rnPfxp4siYxd7D9fI8Q7cQ.15","action":"GetUpdates", "result":"DeleteReceived", "context":{"id":"eb78b3cf-7897-42e1-abc8-048a9b588866", "isDeleted:":"true", "version":"1692870310175"}}
{"logTime": "1228/114727", "correlationVector":"rnPfxp4siYxd7D9fI8Q7cQ.16","action":"GetUpdates", "result":"DeleteReceived", "context":{"id":"79e49f80-cd18-401e-97a8-3d7cfaccdfe8", "isDeleted:":"true", "version":"1692870310179"}}
{"logTime": "1228/114727", "correlationVector":"rnPfxp4siYxd7D9fI8Q7cQ.17","action":"GetUpdates", "result":"DeleteReceived", "context":{"id":"945e0867-06ba-4ca2-a76f-73697654ca04", "isDeleted:":"true", "version":"1692870310181"}}
{"logTime": "1228/114727", "correlationVector":"rnPfxp4siYxd7D9fI8Q7cQ.18","action":"GetUpdates", "result":"DeleteReceived", "context":{"id":"d3317a13-e8d2-40dd-b28f-68c033cb7fc0", "isDeleted:":"true", "version":"1692870313166"}}
{"logTime": "1228/114727", "correlationVector":"rnPfxp4siYxd7D9fI8Q7cQ.19","action":"GetUpdates", "result":"DeleteReceived", "context":{"id":"9d9713ef-0de3-4d62-bd78-21f0cd20a669", "isDeleted:":"true", "version":"1692870313168"}}
{"logTime": "1228/114727", "correlationVector":"rnPfxp4siYxd7D9fI8Q7cQ.20","action":"GetUpdates", "result":"DeleteReceived", "context":{"id":"1c3acb6f-808b-4bd0-aaa4-60f613168dc4", "isDeleted:":"true", "version":"1692870313171"}}
{"logTime": "1228/114727", "correlationVector":"rnPfxp4siYxd7D9fI8Q7cQ.21","action":"GetUpdates", "result":"DeleteReceived", "context":{"id":"7ce974ef-161d-45fa-a494-147f373c1075", "isDeleted:":"true", "version":"1692870313172"}}
{"logTime": "1228/114727", "correlationVector":"rnPfxp4siYxd7D9fI8Q7cQ.22","action":"GetUpdates", "result":"DeleteReceived", "context":{"id":"4bef7fee-f80b-4f6f-8ff6-849738931b64", "isDeleted:":"true", "version":"1692870313173"}}
{"logTime": "1228/114727", "correlationVector":"rnPfxp4siYxd7D9fI8Q7cQ.23","action":"GetUpdates", "result":"DeleteReceived", "context":{"id":"dd7645fc-5c1c-43bd-bdab-4755be9192ee", "isDeleted:":"true", "version":"1693203707927"}}
{"logTime": "1228/114727", "correlationVector":"rnPfxp4siYxd7D9fI8Q7cQ.24","action":"GetUpdates", "result":"DeleteReceived", "context":{"id":"b14f6c48-46c1-4e45-81b4-08415e495b5d", "isDeleted:":"true", "version":"1694233743506"}}
{"logTime": "1228/114727", "correlationVector":"rnPfxp4siYxd7D9fI8Q7cQ.25","action":"GetUpdates", "result":"DeleteReceived", "context":{"id":"9032e0da-1495-4bea-9f84-945606f701b8", "isDeleted:":"true", "version":"1698050929284"}}
{"logTime": "1228/114727", "correlationVector":"rnPfxp4siYxd7D9fI8Q7cQ.26","action":"GetUpdates", "result":"DeleteReceived", "context":{"id":"33dc3ebb-937c-4358-b305-325f4b6643c4", "isDeleted:":"true", "version":"1698566595384"}}
{"logTime": "1228/114727", "correlationVector":"rnPfxp4siYxd7D9fI8Q7cQ.27","action":"GetUpdates", "result":"DeleteReceived", "context":{"id":"786b8ef2-756c-4aa2-a2a1-b7443a857fd7", "isDeleted:":"true", "version":"1699103477848"}}
{"logTime": "1228/114727", "correlationVector":"rnPfxp4siYxd7D9fI8Q7cQ.28","action":"GetUpdates", "result":"DeleteReceived", "context":{"id":"4aaf7877-bbe3-44d6-806b-cecc3f7b6458", "isDeleted:":"true", "version":"1699103478687"}}
{"logTime": "1228/114727", "correlationVector":"rnPfxp4siYxd7D9fI8Q7cQ.29","action":"GetUpdates", "result":"DeleteReceived", "context":{"id":"b8b4957d-77bb-4f17-ab55-5d0de8ef32c1", "isDeleted:":"true", "version":"1703572144192"}}
{"logTime": "1228/114727", "correlationVector":"rnPfxp4siYxd7D9fI8Q7cQ.30","action":"GetUpdates", "result":"DeleteReceived", "context":{"id":"a7c3572e-5d10-49f9-a707-2ed17c0a796c", "isDeleted:":"true", "version":"1703572144193"}}
{"logTime": "1228/114727", "correlationVector":"rnPfxp4siYxd7D9fI8Q7cQ.31","action":"GetUpdates", "result":"DeleteReceived", "context":{"id":"16b997ad-c1ec-4ddb-b2a3-84ab394ecc3c", "isDeleted:":"true", "version":"1703572144195"}}
{"logTime": "1228/114727", "correlationVector":"rnPfxp4siYxd7D9fI8Q7cQ.32","action":"GetUpdates", "result":"DeleteReceived", "context":{"id":"950484ef-0c31-45a2-953c-0657e805525f", "isDeleted:":"true", "version":"1703572144197"}}
{"logTime": "1228/114727", "correlationVector":"rnPfxp4siYxd7D9fI8Q7cQ.33","action":"GetUpdates", "result":"DeleteReceived", "context":{"id":"4718fef8-a0ce-4ab7-aad6-975e935bde3a", "isDeleted:":"true", "version":"1703572144201"}}
{"logTime": "1228/114727", "correlationVector":"rnPfxp4siYxd7D9fI8Q7cQ.34","action":"GetUpdates", "result":"DeleteReceived", "context":{"id":"344e1030-09c9-4d15-a009-67b95d9c6999", "isDeleted:":"true", "version":"1703572144204"}}
{"logTime": "1228/114728", "correlationVector":"rnPfxp4siYxd7D9fI8Q7cQ.35","action":"GetUpdates", "result":"DeleteReceived", "context":{"id":"83cb52a8-4908-4c93-895f-bdb3a4b27302", "isDeleted:":"true", "version":"1703572145525"}}
{"logTime": "1228/114728", "correlationVector":"rnPfxp4siYxd7D9fI8Q7cQ.36","action":"GetUpdates", "result":"DeleteReceived", "context":{"id":"10a5e11d-8aa5-4c3d-8b3c-26dfcd9349f5", "isDeleted:":"true", "version":"1703572145526"}}
{"logTime": "1228/114728", "correlationVector":"rnPfxp4siYxd7D9fI8Q7cQ.37","action":"GetUpdates", "result":"DeleteReceived", "context":{"id":"8fce3a31-7e67-415f-a2ef-a090046a6310", "isDeleted:":"true", "version":"1703572145528"}}
{"logTime": "1228/114728", "correlationVector":"rnPfxp4siYxd7D9fI8Q7cQ.38","action":"GetUpdates", "result":"DeleteReceived", "context":{"id":"eac328b7-39eb-4b42-acf1-53808841511a", "isDeleted:":"true", "version":"1703572145529"}}
{"logTime": "1228/114728", "correlationVector":"rnPfxp4siYxd7D9fI8Q7cQ.39","action":"GetUpdates", "result":"DeleteReceived", "context":{"id":"e9c9249c-6118-4726-b38f-387ccb1e0edf", "isDeleted:":"true", "version":"1703572145532"}}
{"logTime": "1228/114728", "correlationVector":"rnPfxp4siYxd7D9fI8Q7cQ.40","action":"GetUpdates", "result":"DeleteReceived", "context":{"id":"a3edcd94-ee48-4bbd-9671-38dd1249426e", "isDeleted:":"true", "version":"1703572145533"}}
{"logTime": "1228/114728", "correlationVector":"rnPfxp4siYxd7D9fI8Q7cQ.41","action":"GetUpdates", "result":"DeleteReceived", "context":{"id":"b29974b7-20a3-4b50-b95a-639286611e5e", "isDeleted:":"true", "version":"1703572145534"}}
{"logTime": "1228/114728", "correlationVector":"rnPfxp4siYxd7D9fI8Q7cQ.42","action":"GetUpdates", "result":"DeleteReceived", "context":{"id":"664e0d3a-8e16-4a2d-83b5-24dd0a69173b", "isDeleted:":"true", "version":"1703572145538"}}
{"logTime": "1228/114728", "correlationVector":"rnPfxp4siYxd7D9fI8Q7cQ.43","action":"GetUpdates", "result":"DeleteReceived", "context":{"id":"884f4169-5cd6-4a4c-a690-b50eaa29d06e", "isDeleted:":"true", "version":"1703572145540"}}
{"logTime": "1228/114728", "correlationVector":"rnPfxp4siYxd7D9fI8Q7cQ.44","action":"GetUpdates", "result":"DeleteReceived", "context":{"id":"3acb2a0a-6cf9-4265-9278-4b82b2e280ef", "isDeleted:":"true", "version":"1703572145541"}}
{"logTime": "1228/114728", "correlationVector":"rnPfxp4siYxd7D9fI8Q7cQ.45","action":"GetUpdates", "result":"DeleteReceived", "context":{"id":"422872bd-4bcd-4501-b1df-12c55b592384", "isDeleted:":"true", "version":"1703572145542"}}
{"logTime": "1228/114728", "correlationVector":"rnPfxp4siYxd7D9fI8Q7cQ.46","action":"GetUpdates", "result":"DeleteReceived", "context":{"id":"077a510f-cc0d-45bc-86d6-b387223f8830", "isDeleted:":"true", "version":"1703572146761"}}
{"logTime": "1228/114728", "correlationVector":"rnPfxp4siYxd7D9fI8Q7cQ.47","action":"GetUpdates", "result":"DeleteReceived", "context":{"id":"6867d062-6af0-431b-abcd-d18301c341a0", "isDeleted:":"true", "version":"1703572146762"}}
{"logTime": "1228/114728", "correlationVector":"rnPfxp4siYxd7D9fI8Q7cQ.48","action":"GetUpdates", "result":"DeleteReceived", "context":{"id":"c693dbff-6ca1-4eea-9277-a52b1b722b96", "isDeleted:":"true", "version":"1703572146763"}}
{"logTime": "1228/114728", "correlationVector":"rnPfxp4siYxd7D9fI8Q7cQ.49","action":"GetUpdates", "result":"DeleteReceived", "context":{"id":"463359ed-c50a-4bb4-8c33-6e5d85b52d3c", "isDeleted:":"true", "version":"1703572146765"}}
{"logTime": "1228/114728", "correlationVector":"rnPfxp4siYxd7D9fI8Q7cQ.50","action":"GetUpdates", "result":"DeleteReceived", "context":{"id":"bd84cad1-52ed-4b69-becc-76ba80bb9b8d", "isDeleted:":"true", "version":"1703572146768"}}
{"logTime": "1228/114728", "correlationVector":"rnPfxp4siYxd7D9fI8Q7cQ.51","action":"GetUpdates", "result":"DeleteReceived", "context":{"id":"2d65f6b5-8ef4-4d73-baa1-0df976fbeb41", "isDeleted:":"true", "version":"1703572146770"}}
{"logTime": "1228/114728", "correlationVector":"rnPfxp4siYxd7D9fI8Q7cQ.52","action":"GetUpdates", "result":"DeleteReceived", "context":{"id":"a475deba-6500-4bea-8718-f84643fa7c82", "isDeleted:":"true", "version":"1703572146771"}}
{"logTime": "1228/114728", "correlationVector":"rnPfxp4siYxd7D9fI8Q7cQ.53","action":"GetUpdates", "result":"DeleteReceived", "context":{"id":"c09f5f28-e357-47ec-bf27-df5407bcf277", "isDeleted:":"true", "version":"1703572146772"}}
{"logTime": "1228/114728", "correlationVector":"rnPfxp4siYxd7D9fI8Q7cQ.54","action":"GetUpdates", "result":"DeleteReceived", "context":{"id":"7cc8237b-5338-42b1-9fbe-cea69a195099", "isDeleted:":"true", "version":"1703572146774"}}
{"logTime": "1228/114728", "correlationVector":"rnPfxp4siYxd7D9fI8Q7cQ.55","action":"GetUpdates", "result":"DeleteReceived", "context":{"id":"39de3fda-5e70-46a0-a55f-97898a0498d7", "isDeleted:":"true", "version":"1703572146777"}}
{"logTime": "1228/114728", "correlationVector":"rnPfxp4siYxd7D9fI8Q7cQ.56","action":"GetUpdates", "result":"DeleteReceived", "context":{"id":"856ffaa7-aff9-41da-beea-bc7b4691aa3b", "isDeleted:":"true", "version":"1703572147984"}}
{"logTime": "1228/114728", "correlationVector":"rnPfxp4siYxd7D9fI8Q7cQ.57","action":"GetUpdates", "result":"DeleteReceived", "context":{"id":"960e51a7-c802-4903-b390-797b5916bcad", "isDeleted:":"true", "version":"1703572147986"}}
{"logTime": "1228/114728", "correlationVector":"rnPfxp4siYxd7D9fI8Q7cQ.58","action":"GetUpdates", "result":"DeleteReceived", "context":{"id":"a331d5df-18bb-4d45-ac37-6befb41f088c", "isDeleted:":"true", "version":"1703572147991"}}
{"logTime": "1228/114728", "correlationVector":"rnPfxp4siYxd7D9fI8Q7cQ.59","action":"GetUpdates", "result":"DeleteReceived", "context":{"id":"e245c69c-4156-4062-9ee5-c606a1abed2e", "isDeleted:":"true", "version":"1703572147992"}}
{"logTime": "1228/114728", "correlationVector":"rnPfxp4siYxd7D9fI8Q7cQ.60","action":"GetUpdates", "result":"DeleteReceived", "context":{"id":"390710ea-2c49-4225-a615-1c9304eb5e7d", "isDeleted:":"true", "version":"1703572147993"}}
{"logTime": "1228/114728", "correlationVector":"rnPfxp4siYxd7D9fI8Q7cQ.61","action":"GetUpdates", "result":"DeleteReceived", "context":{"id":"7b39eedc-daf8-4d69-9c15-f6eb08f68ec2", "isDeleted:":"true", "version":"1703572147997"}}
{"logTime": "1228/114728", "correlationVector":"rnPfxp4siYxd7D9fI8Q7cQ.62","action":"GetUpdates", "result":"DeleteReceived", "context":{"id":"6aa8ca0c-6b27-40d4-8bae-37270b4f481f", "isDeleted:":"true", "version":"1703572147999"}}
{"logTime": "1228/114728", "correlationVector":"rnPfxp4siYxd7D9fI8Q7cQ.63","action":"GetUpdates Response", "result":"SYNCER_OK", "context":Received 119 update(s). cV=rnPfxp4siYxd7D9fI8Q7cQ.0;server=GENERAL0100000J;cloudType=Consumer;environment=Prod_SoutheastAsia_000j;migrationStage=NotStarted}
{"logTime": "1228/114728", "correlationVector":"ENS3kHic3tAuUfefF0k1tP","action":"Normal GetUpdate request", "result":"", "context":cV=ENS3kHic3tAuUfefF0k1tP
Nudged types: Sessions
Refresh requested types: Bookmarks, Preferences, Passwords, Autofill Profiles, Autofill, Autofill Custom Data, Typed URLs, Extensions, Sessions, Extension settings, History Delete Directives, Device Info, User Consents, Send Tab To Self, Web Apps, Collection, Edge E Drop, Edge Hub App Usage, Edge Wallet, Encryption Keys}
{"logTime": "1228/114728", "correlationVector":"ENS3kHic3tAuUfefF0k1tP.1","action":"SyncServerConnectionManagerRequest", "result":"SYNC_SERVER_OK", "context":{"environment":"Prod_SoutheastAsia_000j", "migrationStage":"NotStarted", "server":"GENERAL01000004"}}
{"logTime": "1228/114728", "correlationVector":"ENS3kHic3tAuUfefF0k1tP.2","action":"GetUpdates Response", "result":"SYNCER_OK", "context":Received 2 update(s). cV=ENS3kHic3tAuUfefF0k1tP.0;server=GENERAL01000004;cloudType=Consumer;environment=Prod_SoutheastAsia_000j;migrationStage=NotStarted}
{"logTime": "1228/114728", "correlationVector":"ySXVbzP3u4Gtt1fw+BksEn","action":"Commit Request", "result":"", "context":Item count: 2
Contributing types: Sessions}
{"logTime": "1228/114728", "correlationVector":"ySXVbzP3u4Gtt1fw+BksEn.1","action":"SyncServerConnectionManagerRequest", "result":"SYNC_SERVER_OK", "context":{"environment":"Prod_SoutheastAsia_000j", "migrationStage":"NotStarted", "server":"GENERAL0300000J"}}
{"logTime": "1228/114728", "correlationVector":"ySXVbzP3u4Gtt1fw+BksEn.2","action":"Commit Response", "result":"SYNCER_OK", "context":Result: SYNCER_OK. cV=ySXVbzP3u4Gtt1fw+BksEn.0;server=GENERAL0300000J;cloudType=Consumer;environment=Prod_SoutheastAsia_000j;migrationStage=NotStarted}
{"logTime": "1228/114752", "correlationVector":"p0yzbABikK3nRUACPhUD9v","action":"SyncServerConnectionManagerRequest", "result":"SYNC_SERVER_OK", "context":{"environment":"", "migrationStage":"", "server":""}}
{"logTime": "1228/114752", "correlationVector":"j8Y6a+/OMADaumAG+/Bxxx","action":"Normal GetUpdate request", "result":"", "context":cV=j8Y6a+/OMADaumAG+/Bxxx
Nudged types: Sessions}
{"logTime": "1228/114752", "correlationVector":"j8Y6a+/OMADaumAG+/Bxxx.1","action":"SyncServerConnectionManagerRequest", "result":"SYNC_SERVER_OK", "context":{"environment":"Prod_SoutheastAsia_000j", "migrationStage":"NotStarted", "server":"GENERAL0100001J"}}
{"logTime": "1228/114752", "correlationVector":"j8Y6a+/OMADaumAG+/Bxxx.2","action":"GetUpdates Response", "result":"SYNCER_OK", "context":Received 2 update(s). cV=j8Y6a+/OMADaumAG+/Bxxx.0;server=GENERAL0100001J;cloudType=Consumer;environment=Prod_SoutheastAsia_000j;migrationStage=NotStarted}
{"logTime": "1228/114752", "correlationVector":"lm25MlG6ndC+omMOjlxFet","action":"Commit Request", "result":"", "context":Item count: 1
Contributing types: Sessions}
{"logTime": "1228/114753", "correlationVector":"lm25MlG6ndC+omMOjlxFet.1","action":"SyncServerConnectionManagerRequest", "result":"SYNC_SERVER_OK", "context":{"environment":"Prod_SoutheastAsia_000j", "migrationStage":"NotStarted", "server":"GENERAL0100000J"}}
{"logTime": "1228/114753", "correlationVector":"lm25MlG6ndC+omMOjlxFet.2","action":"Commit Response", "result":"SYNCER_OK", "context":Result: SYNCER_OK. cV=lm25MlG6ndC+omMOjlxFet.0;server=GENERAL0100000J;cloudType=Consumer;environment=Prod_SoutheastAsia_000j;migrationStage=NotStarted}
{"logTime": "1228/114753", "correlationVector":"p3/6aPBZslDfw0+QFT91HP","action":"Normal GetUpdate request", "result":"", "context":cV=p3/6aPBZslDfw0+QFT91HP
Nudged types: Sessions
Refresh requested types: Bookmarks, Preferences, Passwords, Autofill Profiles, Autofill, Autofill Custom Data, Typed URLs, Extensions, Sessions, Extension settings, History Delete Directives, Device Info, User Consents, Send Tab To Self, Web Apps, Collection, Edge E Drop, Edge Hub App Usage, Edge Wallet, Encryption Keys}
{"logTime": "1228/114753", "correlationVector":"p3/6aPBZslDfw0+QFT91HP.1","action":"SyncServerConnectionManagerRequest", "result":"SYNC_SERVER_OK", "context":{"environment":"Prod_SoutheastAsia_000j", "migrationStage":"NotStarted", "server":"GENERAL03000003"}}
{"logTime": "1228/114753", "correlationVector":"p3/6aPBZslDfw0+QFT91HP.2","action":"GetUpdates Response", "result":"SYNCER_OK", "context":Received 1 update(s). cV=p3/6aPBZslDfw0+QFT91HP.0;server=GENERAL03000003;cloudType=Consumer;environment=Prod_SoutheastAsia_000j;migrationStage=NotStarted}
