Flutter crash report.
Please report a bug at https://github.com/flutter/flutter/issues.

## command

flutter run

## exception

StateError: Bad state: No element

```
#0      Stream.first.<anonymous closure> (dart:async/stream.dart:1583:9)
#1      _rootRun (dart:async/zone.dart:1391:47)
#2      _CustomZone.run (dart:async/zone.dart:1301:19)
#3      _CustomZone.runGuarded (dart:async/zone.dart:1209:7)
#4      _BufferingStreamSubscription._sendDone.sendDone (dart:async/stream_impl.dart:392:13)
#5      _BufferingStreamSubscription._sendDone (dart:async/stream_impl.dart:402:7)
#6      _BufferingStreamSubscription._close (dart:async/stream_impl.dart:291:7)
#7      _SyncBroadcastStreamController._sendDone.<anonymous closure> (dart:async/broadcast_stream_controller.dart:399:22)
#8      _BroadcastStreamController._forEachListener (dart:async/broadcast_stream_controller.dart:322:15)
#9      _SyncBroadcastStreamController._sendDone (dart:async/broadcast_stream_controller.dart:398:7)
#10     _BroadcastStreamController.close (dart:async/broadcast_stream_controller.dart:268:5)
#11     _AsBroadcastStreamController.close (dart:async/broadcast_stream_controller.dart:505:27)
#12     _rootRun (dart:async/zone.dart:1391:47)
#13     _CustomZone.run (dart:async/zone.dart:1301:19)
#14     _CustomZone.runGuarded (dart:async/zone.dart:1209:7)
#15     _BufferingStreamSubscription._sendDone.sendDone (dart:async/stream_impl.dart:392:13)
#16     _BufferingStreamSubscription._sendDone (dart:async/stream_impl.dart:402:7)
#17     _BufferingStreamSubscription._close (dart:async/stream_impl.dart:291:7)
#18     _SinkTransformerStreamSubscription._close (dart:async/stream_transformers.dart:87:11)
#19     _EventSinkWrapper.close (dart:async/stream_transformers.dart:21:11)
#20     _StringAdapterSink.close (dart:convert/string_conversion.dart:241:11)
#21     _Utf8ConversionSink.close (dart:convert/string_conversion.dart:295:20)
#22     _ErrorHandlingAsciiDecoderSink.close (dart:convert/ascii.dart:261:15)
#23     _ConverterStreamEventSink.close (dart:convert/chunked_conversion.dart:78:18)
#24     _SinkTransformerStreamSubscription._handleDone (dart:async/stream_transformers.dart:132:24)
#25     _rootRun (dart:async/zone.dart:1391:47)
#26     _CustomZone.run (dart:async/zone.dart:1301:19)
#27     _CustomZone.runGuarded (dart:async/zone.dart:1209:7)
#28     _BufferingStreamSubscription._sendDone.sendDone (dart:async/stream_impl.dart:392:13)
#29     _BufferingStreamSubscription._sendDone (dart:async/stream_impl.dart:402:7)
#30     _BufferingStreamSubscription._close (dart:async/stream_impl.dart:291:7)
#31     _SyncStreamControllerDispatch._sendDone (dart:async/stream_controller.dart:792:19)
#32     _StreamController._closeUnchecked (dart:async/stream_controller.dart:647:7)
#33     _StreamController.close (dart:async/stream_controller.dart:640:5)
#34     _Socket._onData (dart:io-patch/socket_patch.dart:2454:21)
#35     _rootRunUnary (dart:async/zone.dart:1415:13)
#36     _CustomZone.runUnary (dart:async/zone.dart:1308:19)
#37     _CustomZone.runUnaryGuarded (dart:async/zone.dart:1217:7)
#38     _BufferingStreamSubscription._sendData (dart:async/stream_impl.dart:339:11)
#39     _BufferingStreamSubscription._add (dart:async/stream_impl.dart:271:7)
#40     _SyncStreamControllerDispatch._sendData (dart:async/stream_controller.dart:784:19)
#41     _StreamController._add (dart:async/stream_controller.dart:658:7)
#42     _StreamController.add (dart:async/stream_controller.dart:606:5)
#43     new _RawSocket.<anonymous closure> (dart:io-patch/socket_patch.dart:1943:35)
#44     _NativeSocket.issueReadEvent.issue (dart:io-patch/socket_patch.dart:1372:18)
#45     _microtaskLoop (dart:async/schedule_microtask.dart:40:21)
#46     _startMicrotaskLoop (dart:async/schedule_microtask.dart:49:5)
#47     _runPendingImmediateCallback (dart:isolate-patch/isolate_patch.dart:118:13)
#48     _RawReceivePort._handleMessage (dart:isolate-patch/isolate_patch.dart:185:5)
```

## flutter doctor

```
[32m[✓][39m Flutter (Channel stable, 3.16.5, on Microsoft Windows [Version 10.0.22621.2861], locale en-IN)
    [32m•[39m Flutter version 3.16.5 on channel stable at C:\src\flutter
    [32m•[39m Upstream repository https://github.com/flutter/flutter.git
    [32m•[39m Framework revision 78666c8dc5 (7 days ago), 2023-12-19 16:14:14 -0800
    [32m•[39m Engine revision 3f3e560236
    [32m•[39m Dart version 3.2.3
    [32m•[39m DevTools version 2.28.4

[32m[✓][39m Windows Version (Installed version of Windows is version 10 or higher)

[31m[✗][39m Android toolchain - develop for Android devices
    [31m✗[39m Unable to locate Android SDK.
      Install Android Studio from: https://developer.android.com/studio/index.html
      On first launch it will assist you in installing the Android SDK components.
      (or visit https://flutter.dev/docs/get-started/install/windows#android-setup for detailed instructions).
      If the Android SDK has been installed to a custom location, please use
      `flutter config --android-sdk` to update to that location.


[32m[✓][39m Chrome - develop for the web
    [32m•[39m Chrome at C:\Program Files\Google\Chrome\Application\chrome.exe

[31m[✗][39m Visual Studio - develop Windows apps
    [31m✗[39m Visual Studio not installed; this is necessary to develop Windows apps.
      Download at https://visualstudio.microsoft.com/downloads/.
      Please install the "Desktop development with C++" workload, including all of its default components

[33m[!][39m Android Studio (not installed)
    [32m•[39m Android Studio not found; download from https://developer.android.com/studio/index.html
      (or visit https://flutter.dev/docs/get-started/install/windows#android-setup for detailed instructions).

[32m[✓][39m VS Code (version 1.85.1)
    [32m•[39m VS Code at C:\Users\aafri\AppData\Local\Programs\Microsoft VS Code
    [32m•[39m Flutter extension version 3.78.0

[32m[✓][39m Connected device (3 available)
    [32m•[39m Windows (desktop) • windows • windows-x64    • Microsoft Windows [Version 10.0.22621.2861]
    [32m•[39m Chrome (web)      • chrome  • web-javascript • Google Chrome 120.0.6099.130
    [32m•[39m Edge (web)        • edge    • web-javascript • Microsoft Edge 120.0.2210.91

[33m[!][39m Network resources
    [31m✗[39m A network error occurred while checking "https://pub.dev/": Failed host lookup: 'pub.dev'
    [31m✗[39m A network error occurred while checking "https://storage.googleapis.com/": Failed host lookup: 'storage.googleapis.com'
    [31m✗[39m A network error occurred while checking "https://maven.google.com/": Failed host lookup: 'maven.google.com'
    [31m✗[39m A network error occurred while checking "https://cocoapods.org/": Failed host lookup: 'cocoapods.org'
    [31m✗[39m A network error occurred while checking "https://github.com/": Failed host lookup: 'github.com'

[33m![39m Doctor found issues in 4 categories.
```
